<?xml version="1.0" encoding="UTF-8"?>
<testsuites name="Regression" time="24.015" tests="9" failures="0" errors="0">
   <testsuite name="Regression" tests="9" failures="0" errors="0" time="24.015" skipped="0" timestamp="2022-12-21 16:03:02" hostname="Asus - DESKTOP-SRK5D1D" id="Test Suites/Regression/Regression">
      <properties>
         <property name="deviceName" value=""/>
         <property name="devicePlatform" value=""/>
         <property name="logFolder" value="E:\\SEMESTER 7\\MBKM\\Capstone Project\\CICD\\API\\Terbaru\\Baru2\\CapstoneWorkfitAPI\\Reports\\20221221_160244\\Regression\\Regression\\20221221_160244"/>
         <property name="logFiles" value="E:\\SEMESTER 7\\MBKM\\Capstone Project\\CICD\\API\\Terbaru\\Baru2\\CapstoneWorkfitAPI\\Reports\\20221221_160244\\Regression\\Regression\\20221221_160244\\execution0.log"/>
         <property name="attachments" value=""/>
         <property name="hostName" value="Asus - DESKTOP-SRK5D1D"/>
         <property name="hostAddress" value="192.168.56.1"/>
         <property name="os" value="Windows 10 64bit"/>
         <property name="katalonVersion" value="8.3.0.208"/>
      </properties>
      <testcase name="Test Cases/Membership/List of membership/TC_ListofMember" time="5.129" classname="Test Cases/Membership/List of membership/TC_ListofMember" status="PASSED">
         <system-out><![CDATA[2022-12-21 16:03:02 - [TEST_CASE][PASSED] - Test Cases/Membership/List of membership/TC_ListofMember: Test Cases/Membership/List of membership/TC_ListofMember

2022-12-21 16:03:03 - [TEST_STEP][PASSED] - response = sendRequest(findTestObject("AUTH/Login/Login with valid"), CONTINUE_ON_FAILURE): Send request successfully

2022-12-21 16:03:05 - [MESSAGE][INFO] - HAR: E:\SEMESTER 7\MBKM\Capstone Project\CICD\API\Terbaru\Baru2\CapstoneWorkfitAPI\Reports\20221221_160244\Regression\Regression\20221221_160244\requests\main\0.har

2022-12-21 16:03:05 - [MESSAGE][PASSED] - Send request successfully

2022-12-21 16:03:05 - [TEST_STEP][PASSED] - verifyResponseStatusCode(response, 200): Verify response status code successfully

2022-12-21 16:03:05 - [MESSAGE][PASSED] - Verify response status code successfully

2022-12-21 16:03:05 - [TEST_STEP][PASSED] - slurper = new groovy.json.JsonSlurper(): null

2022-12-21 16:03:05 - [TEST_STEP][PASSED] - parsedJson = slurper.parseText(response.getResponseText()): null

2022-12-21 16:03:06 - [TEST_STEP][PASSED] - Token = access_token: null

2022-12-21 16:03:06 - [TEST_STEP][PASSED] - globalVar = Token: null

2022-12-21 16:03:06 - [TEST_STEP][PASSED] - response = sendRequest(findTestObject("Membership/List Of Membership/see list membership with Valid Token"), CONTINUE_ON_FAILURE): Send request successfully

2022-12-21 16:03:06 - [MESSAGE][INFO] - HAR: E:\SEMESTER 7\MBKM\Capstone Project\CICD\API\Terbaru\Baru2\CapstoneWorkfitAPI\Reports\20221221_160244\Regression\Regression\20221221_160244\requests\main\1.har

2022-12-21 16:03:06 - [MESSAGE][PASSED] - Send request successfully

2022-12-21 16:03:06 - [TEST_STEP][PASSED] - verifyResponseStatusCode(response, statusCode200): Verify response status code successfully

2022-12-21 16:03:06 - [MESSAGE][PASSED] - Verify response status code successfully

2022-12-21 16:03:06 - [TEST_STEP][PASSED] - response = sendRequest(findTestObject("Membership/List Of Membership/With PATCH Method")): Send request successfully

2022-12-21 16:03:07 - [MESSAGE][INFO] - HAR: E:\SEMESTER 7\MBKM\Capstone Project\CICD\API\Terbaru\Baru2\CapstoneWorkfitAPI\Reports\20221221_160244\Regression\Regression\20221221_160244\requests\main\2.har

2022-12-21 16:03:07 - [MESSAGE][PASSED] - Send request successfully

2022-12-21 16:03:07 - [TEST_STEP][PASSED] - verifyResponseStatusCode(response, StatusCode401): Verify response status code successfully

2022-12-21 16:03:07 - [MESSAGE][PASSED] - Verify response status code successfully

2022-12-21 16:03:07 - [TEST_STEP][PASSED] - response = sendRequest(findTestObject("Membership/List Of Membership/With POST Method")): Send request successfully

2022-12-21 16:03:07 - [MESSAGE][INFO] - HAR: E:\SEMESTER 7\MBKM\Capstone Project\CICD\API\Terbaru\Baru2\CapstoneWorkfitAPI\Reports\20221221_160244\Regression\Regression\20221221_160244\requests\main\3.har

2022-12-21 16:03:07 - [MESSAGE][PASSED] - Send request successfully

2022-12-21 16:03:07 - [TEST_STEP][PASSED] - verifyResponseStatusCode(response, StatusCode401): Verify response status code successfully

2022-12-21 16:03:07 - [MESSAGE][PASSED] - Verify response status code successfully

2022-12-21 16:03:07 - [TEST_STEP][PASSED] - response = sendRequest(findTestObject("Membership/List Of Membership/With PUT Method")): Send request successfully

2022-12-21 16:03:07 - [MESSAGE][INFO] - HAR: E:\SEMESTER 7\MBKM\Capstone Project\CICD\API\Terbaru\Baru2\CapstoneWorkfitAPI\Reports\20221221_160244\Regression\Regression\20221221_160244\requests\main\4.har

2022-12-21 16:03:07 - [MESSAGE][PASSED] - Send request successfully

2022-12-21 16:03:07 - [TEST_STEP][PASSED] - verifyResponseStatusCode(response, statusCode405): Verify response status code successfully

2022-12-21 16:03:07 - [MESSAGE][PASSED] - Verify response status code successfully]]></system-out>
         <system-err><![CDATA[]]></system-err>
      </testcase>
      <testcase name="Test Cases/Membership/Update a membership email/TC_Update a membership email" time="1.166" classname="Test Cases/Membership/Update a membership email/TC_Update a membership email" status="PASSED">
         <system-out><![CDATA[2022-12-21 16:03:07 - [TEST_CASE][PASSED] - Test Cases/Membership/Update a membership email/TC_Update a membership email: Test Cases/Membership/Update a membership email/TC_Update a membership email

2022-12-21 16:03:08 - [TEST_STEP][PASSED] - response = sendRequest(findTestObject("AUTH/Login/Login with valid"), CONTINUE_ON_FAILURE): Send request successfully

2022-12-21 16:03:08 - [MESSAGE][INFO] - HAR: E:\SEMESTER 7\MBKM\Capstone Project\CICD\API\Terbaru\Baru2\CapstoneWorkfitAPI\Reports\20221221_160244\Regression\Regression\20221221_160244\requests\main\5.har

2022-12-21 16:03:08 - [MESSAGE][PASSED] - Send request successfully

2022-12-21 16:03:08 - [TEST_STEP][PASSED] - verifyResponseStatusCode(response, 200): Verify response status code successfully

2022-12-21 16:03:08 - [MESSAGE][PASSED] - Verify response status code successfully

2022-12-21 16:03:08 - [TEST_STEP][PASSED] - slurper = new groovy.json.JsonSlurper(): null

2022-12-21 16:03:08 - [TEST_STEP][PASSED] - parsedJson = slurper.parseText(response.getResponseText()): null

2022-12-21 16:03:08 - [TEST_STEP][PASSED] - Token = access_token: null

2022-12-21 16:03:08 - [TEST_STEP][PASSED] - globalVar = Token: null

2022-12-21 16:03:08 - [TEST_STEP][PASSED] - response = sendRequest(findTestObject("Membership/Update membership/Update with valid input"), CONTINUE_ON_FAILURE): Send request successfully

2022-12-21 16:03:09 - [MESSAGE][INFO] - HAR: E:\SEMESTER 7\MBKM\Capstone Project\CICD\API\Terbaru\Baru2\CapstoneWorkfitAPI\Reports\20221221_160244\Regression\Regression\20221221_160244\requests\main\6.har

2022-12-21 16:03:09 - [MESSAGE][PASSED] - Send request successfully

2022-12-21 16:03:09 - [TEST_STEP][PASSED] - verifyResponseStatusCode(response, StatusCode201): Verify response status code successfully

2022-12-21 16:03:09 - [MESSAGE][PASSED] - Verify response status code successfully]]></system-out>
         <system-err><![CDATA[]]></system-err>
      </testcase>
      <testcase name="Test Cases/Membership/Update Membership/TC_UpdateMember" time="2.41" classname="Test Cases/Membership/Update Membership/TC_UpdateMember" status="PASSED">
         <system-out><![CDATA[2022-12-21 16:03:09 - [TEST_CASE][PASSED] - Test Cases/Membership/Update Membership/TC_UpdateMember: Test Cases/Membership/Update Membership/TC_UpdateMember

2022-12-21 16:03:09 - [TEST_STEP][PASSED] - response = sendRequest(findTestObject("AUTH/Login/Login with valid"), CONTINUE_ON_FAILURE): Send request successfully

2022-12-21 16:03:09 - [MESSAGE][INFO] - HAR: E:\SEMESTER 7\MBKM\Capstone Project\CICD\API\Terbaru\Baru2\CapstoneWorkfitAPI\Reports\20221221_160244\Regression\Regression\20221221_160244\requests\main\7.har

2022-12-21 16:03:09 - [MESSAGE][PASSED] - Send request successfully

2022-12-21 16:03:09 - [TEST_STEP][PASSED] - verifyResponseStatusCode(response, 200): Verify response status code successfully

2022-12-21 16:03:09 - [MESSAGE][PASSED] - Verify response status code successfully

2022-12-21 16:03:09 - [TEST_STEP][PASSED] - slurper = new groovy.json.JsonSlurper(): null

2022-12-21 16:03:09 - [TEST_STEP][PASSED] - parsedJson = slurper.parseText(response.getResponseText()): null

2022-12-21 16:03:09 - [TEST_STEP][PASSED] - Token = access_token: null

2022-12-21 16:03:09 - [TEST_STEP][PASSED] - globalVar = Token: null

2022-12-21 16:03:09 - [TEST_STEP][PASSED] - response = sendRequest(findTestObject("Membership/Update membership/Update with valid input"), CONTINUE_ON_FAILURE): Send request successfully

2022-12-21 16:03:10 - [MESSAGE][INFO] - HAR: E:\SEMESTER 7\MBKM\Capstone Project\CICD\API\Terbaru\Baru2\CapstoneWorkfitAPI\Reports\20221221_160244\Regression\Regression\20221221_160244\requests\main\8.har

2022-12-21 16:03:10 - [MESSAGE][PASSED] - Send request successfully

2022-12-21 16:03:10 - [TEST_STEP][PASSED] - verifyResponseStatusCode(response, StatusCode201): Verify response status code successfully

2022-12-21 16:03:10 - [MESSAGE][PASSED] - Verify response status code successfully

2022-12-21 16:03:10 - [TEST_STEP][PASSED] - response = sendRequest(findTestObject("Membership/Update membership/Update with null input")): Send request successfully

2022-12-21 16:03:10 - [MESSAGE][INFO] - HAR: E:\SEMESTER 7\MBKM\Capstone Project\CICD\API\Terbaru\Baru2\CapstoneWorkfitAPI\Reports\20221221_160244\Regression\Regression\20221221_160244\requests\main\9.har

2022-12-21 16:03:10 - [MESSAGE][PASSED] - Send request successfully

2022-12-21 16:03:10 - [TEST_STEP][PASSED] - verifyResponseStatusCode(response, StatusCode401): Verify response status code successfully

2022-12-21 16:03:10 - [MESSAGE][PASSED] - Verify response status code successfully

2022-12-21 16:03:10 - [TEST_STEP][PASSED] - response = sendRequest(findTestObject("Membership/Update membership/With POST Method")): Send request successfully

2022-12-21 16:03:11 - [MESSAGE][INFO] - HAR: E:\SEMESTER 7\MBKM\Capstone Project\CICD\API\Terbaru\Baru2\CapstoneWorkfitAPI\Reports\20221221_160244\Regression\Regression\20221221_160244\requests\main\10.har

2022-12-21 16:03:11 - [MESSAGE][PASSED] - Send request successfully

2022-12-21 16:03:11 - [TEST_STEP][PASSED] - verifyResponseStatusCode(response, StatusCode401): Verify response status code successfully

2022-12-21 16:03:11 - [MESSAGE][PASSED] - Verify response status code successfully

2022-12-21 16:03:11 - [TEST_STEP][PASSED] - response = sendRequest(findTestObject("Membership/Update membership/With PUT Method")): Send request successfully

2022-12-21 16:03:11 - [MESSAGE][INFO] - HAR: E:\SEMESTER 7\MBKM\Capstone Project\CICD\API\Terbaru\Baru2\CapstoneWorkfitAPI\Reports\20221221_160244\Regression\Regression\20221221_160244\requests\main\11.har

2022-12-21 16:03:11 - [MESSAGE][PASSED] - Send request successfully

2022-12-21 16:03:11 - [TEST_STEP][PASSED] - verifyResponseStatusCode(response, statusCode405): Verify response status code successfully

2022-12-21 16:03:11 - [MESSAGE][PASSED] - Verify response status code successfully]]></system-out>
         <system-err><![CDATA[]]></system-err>
      </testcase>
      <testcase name="Test Cases/Booking/Offline Class/TC_Create" time="2.747" classname="Test Cases/Booking/Offline Class/TC_Create" status="PASSED">
         <system-out><![CDATA[2022-12-21 16:03:11 - [TEST_CASE][PASSED] - Test Cases/Booking/Offline Class/TC_Create: Test Cases/Booking/Offline Class/TC_Create

2022-12-21 16:03:11 - [TEST_STEP][PASSED] - response = sendRequest(findTestObject("AUTH/Login/Login with valid"), CONTINUE_ON_FAILURE): Send request successfully

2022-12-21 16:03:12 - [MESSAGE][INFO] - HAR: E:\SEMESTER 7\MBKM\Capstone Project\CICD\API\Terbaru\Baru2\CapstoneWorkfitAPI\Reports\20221221_160244\Regression\Regression\20221221_160244\requests\main\12.har

2022-12-21 16:03:12 - [MESSAGE][PASSED] - Send request successfully

2022-12-21 16:03:12 - [TEST_STEP][PASSED] - verifyResponseStatusCode(response, 200): Verify response status code successfully

2022-12-21 16:03:12 - [MESSAGE][PASSED] - Verify response status code successfully

2022-12-21 16:03:12 - [TEST_STEP][PASSED] - slurper = new groovy.json.JsonSlurper(): null

2022-12-21 16:03:12 - [TEST_STEP][PASSED] - parsedJson = slurper.parseText(response.getResponseText()): null

2022-12-21 16:03:12 - [TEST_STEP][PASSED] - Token = access_token: null

2022-12-21 16:03:12 - [TEST_STEP][PASSED] - globalVar = Token: null

2022-12-21 16:03:12 - [TEST_STEP][PASSED] - response = sendRequest(findTestObject("Booking/Offline Book/create book online/Create class with valid input"), CONTINUE_ON_FAILURE): Send request successfully

2022-12-21 16:03:12 - [MESSAGE][INFO] - HAR: E:\SEMESTER 7\MBKM\Capstone Project\CICD\API\Terbaru\Baru2\CapstoneWorkfitAPI\Reports\20221221_160244\Regression\Regression\20221221_160244\requests\main\13.har

2022-12-21 16:03:12 - [MESSAGE][PASSED] - Send request successfully

2022-12-21 16:03:12 - [TEST_STEP][PASSED] - verifyResponseStatusCode(response, StatusCode201): Verify response status code successfully

2022-12-21 16:03:12 - [MESSAGE][PASSED] - Verify response status code successfully

2022-12-21 16:03:12 - [TEST_STEP][PASSED] - response = sendRequest(findTestObject("Booking/Offline Book/create book online/Create with invalid input")): Send request successfully

2022-12-21 16:03:13 - [MESSAGE][INFO] - HAR: E:\SEMESTER 7\MBKM\Capstone Project\CICD\API\Terbaru\Baru2\CapstoneWorkfitAPI\Reports\20221221_160244\Regression\Regression\20221221_160244\requests\main\14.har

2022-12-21 16:03:13 - [MESSAGE][PASSED] - Send request successfully

2022-12-21 16:03:13 - [TEST_STEP][PASSED] - verifyResponseStatusCode(response, StatusCode401): Verify response status code successfully

2022-12-21 16:03:13 - [MESSAGE][PASSED] - Verify response status code successfully

2022-12-21 16:03:13 - [TEST_STEP][PASSED] - response = sendRequest(findTestObject("Booking/Offline Book/create book online/Create with invalid Token")): Send request successfully

2022-12-21 16:03:13 - [MESSAGE][INFO] - HAR: E:\SEMESTER 7\MBKM\Capstone Project\CICD\API\Terbaru\Baru2\CapstoneWorkfitAPI\Reports\20221221_160244\Regression\Regression\20221221_160244\requests\main\15.har

2022-12-21 16:03:13 - [MESSAGE][PASSED] - Send request successfully

2022-12-21 16:03:13 - [TEST_STEP][PASSED] - verifyResponseStatusCode(response, StatusCode401): Verify response status code successfully

2022-12-21 16:03:13 - [MESSAGE][PASSED] - Verify response status code successfully

2022-12-21 16:03:13 - [TEST_STEP][PASSED] - response = sendRequest(findTestObject("Booking/Offline Book/create book online/With PATCH Method")): Send request successfully

2022-12-21 16:03:13 - [MESSAGE][INFO] - HAR: E:\SEMESTER 7\MBKM\Capstone Project\CICD\API\Terbaru\Baru2\CapstoneWorkfitAPI\Reports\20221221_160244\Regression\Regression\20221221_160244\requests\main\16.har

2022-12-21 16:03:13 - [MESSAGE][PASSED] - Send request successfully

2022-12-21 16:03:13 - [TEST_STEP][PASSED] - verifyResponseStatusCode(response, statusCode405): Verify response status code successfully

2022-12-21 16:03:13 - [MESSAGE][PASSED] - Verify response status code successfully

2022-12-21 16:03:13 - [TEST_STEP][PASSED] - response = sendRequest(findTestObject("Booking/Offline Book/create book online/With PUT Method")): Send request successfully

2022-12-21 16:03:14 - [MESSAGE][INFO] - HAR: E:\SEMESTER 7\MBKM\Capstone Project\CICD\API\Terbaru\Baru2\CapstoneWorkfitAPI\Reports\20221221_160244\Regression\Regression\20221221_160244\requests\main\17.har

2022-12-21 16:03:14 - [MESSAGE][PASSED] - Send request successfully

2022-12-21 16:03:14 - [TEST_STEP][PASSED] - verifyResponseStatusCode(response, statusCode405): Verify response status code successfully

2022-12-21 16:03:14 - [MESSAGE][PASSED] - Verify response status code successfully]]></system-out>
         <system-err><![CDATA[]]></system-err>
      </testcase>
      <testcase name="Test Cases/Booking/Offline Class/TC_GetAllClass" time="1.929" classname="Test Cases/Booking/Offline Class/TC_GetAllClass" status="PASSED">
         <system-out><![CDATA[2022-12-21 16:03:14 - [TEST_CASE][PASSED] - Test Cases/Booking/Offline Class/TC_GetAllClass: Test Cases/Booking/Offline Class/TC_GetAllClass

2022-12-21 16:03:14 - [TEST_STEP][PASSED] - response = sendRequest(findTestObject("Booking/Offline Book/See all boking class/get all booking class"), CONTINUE_ON_FAILURE): Send request successfully

2022-12-21 16:03:15 - [MESSAGE][INFO] - HAR: E:\SEMESTER 7\MBKM\Capstone Project\CICD\API\Terbaru\Baru2\CapstoneWorkfitAPI\Reports\20221221_160244\Regression\Regression\20221221_160244\requests\main\18.har

2022-12-21 16:03:15 - [MESSAGE][PASSED] - Send request successfully

2022-12-21 16:03:15 - [TEST_STEP][PASSED] - verifyResponseStatusCode(response, 200): Verify response status code successfully

2022-12-21 16:03:15 - [MESSAGE][PASSED] - Verify response status code successfully

2022-12-21 16:03:15 - [TEST_STEP][PASSED] - slurper = new groovy.json.JsonSlurper(): null

2022-12-21 16:03:15 - [TEST_STEP][PASSED] - parsedJson = slurper.parseText(response.getResponseText()): null

2022-12-21 16:03:15 - [TEST_STEP][PASSED] - Token = access_token: null

2022-12-21 16:03:15 - [TEST_STEP][PASSED] - globalVar = Token: null

2022-12-21 16:03:15 - [TEST_STEP][PASSED] - response = sendRequest(findTestObject("Booking/Offline Book/See all boking class/With PATCH Method")): Send request successfully

2022-12-21 16:03:15 - [MESSAGE][INFO] - HAR: E:\SEMESTER 7\MBKM\Capstone Project\CICD\API\Terbaru\Baru2\CapstoneWorkfitAPI\Reports\20221221_160244\Regression\Regression\20221221_160244\requests\main\19.har

2022-12-21 16:03:15 - [MESSAGE][PASSED] - Send request successfully

2022-12-21 16:03:15 - [TEST_STEP][PASSED] - verifyResponseStatusCode(response, statusCode405): Verify response status code successfully

2022-12-21 16:03:15 - [MESSAGE][PASSED] - Verify response status code successfully

2022-12-21 16:03:15 - [TEST_STEP][PASSED] - response = sendRequest(findTestObject("Booking/Offline Book/See all boking class/With POST Method")): Send request successfully

2022-12-21 16:03:15 - [MESSAGE][INFO] - HAR: E:\SEMESTER 7\MBKM\Capstone Project\CICD\API\Terbaru\Baru2\CapstoneWorkfitAPI\Reports\20221221_160244\Regression\Regression\20221221_160244\requests\main\20.har

2022-12-21 16:03:15 - [MESSAGE][PASSED] - Send request successfully

2022-12-21 16:03:15 - [TEST_STEP][PASSED] - verifyResponseStatusCode(response, StatusCode401): Verify response status code successfully

2022-12-21 16:03:15 - [MESSAGE][PASSED] - Verify response status code successfully

2022-12-21 16:03:15 - [TEST_STEP][PASSED] - response = sendRequest(findTestObject("Booking/Offline Book/See all boking class/With PUT Method")): Send request successfully

2022-12-21 16:03:16 - [MESSAGE][INFO] - HAR: E:\SEMESTER 7\MBKM\Capstone Project\CICD\API\Terbaru\Baru2\CapstoneWorkfitAPI\Reports\20221221_160244\Regression\Regression\20221221_160244\requests\main\21.har

2022-12-21 16:03:16 - [MESSAGE][PASSED] - Send request successfully

2022-12-21 16:03:16 - [TEST_STEP][PASSED] - verifyResponseStatusCode(response, statusCode405): Verify response status code successfully

2022-12-21 16:03:16 - [MESSAGE][PASSED] - Verify response status code successfully]]></system-out>
         <system-err><![CDATA[]]></system-err>
      </testcase>
      <testcase name="Test Cases/Booking/Offline Class/TC_Update" time="3.071" classname="Test Cases/Booking/Offline Class/TC_Update" status="PASSED">
         <system-out><![CDATA[2022-12-21 16:03:16 - [TEST_CASE][PASSED] - Test Cases/Booking/Offline Class/TC_Update: Test Cases/Booking/Offline Class/TC_Update

2022-12-21 16:03:16 - [TEST_STEP][PASSED] - response = sendRequest(findTestObject("AUTH/Login/Login with valid"), CONTINUE_ON_FAILURE): Send request successfully

2022-12-21 16:03:17 - [MESSAGE][INFO] - HAR: E:\SEMESTER 7\MBKM\Capstone Project\CICD\API\Terbaru\Baru2\CapstoneWorkfitAPI\Reports\20221221_160244\Regression\Regression\20221221_160244\requests\main\22.har

2022-12-21 16:03:17 - [MESSAGE][PASSED] - Send request successfully

2022-12-21 16:03:17 - [TEST_STEP][PASSED] - verifyResponseStatusCode(response, 200): Verify response status code successfully

2022-12-21 16:03:17 - [MESSAGE][PASSED] - Verify response status code successfully

2022-12-21 16:03:17 - [TEST_STEP][PASSED] - slurper = new groovy.json.JsonSlurper(): null

2022-12-21 16:03:17 - [TEST_STEP][PASSED] - parsedJson = slurper.parseText(response.getResponseText()): null

2022-12-21 16:03:17 - [TEST_STEP][PASSED] - Token = access_token: null

2022-12-21 16:03:17 - [TEST_STEP][PASSED] - globalVar = Token: null

2022-12-21 16:03:17 - [TEST_STEP][PASSED] - response = sendRequest(findTestObject("Booking/Online Book/Update class/Update class with valid input"), CONTINUE_ON_FAILURE): Send request successfully

2022-12-21 16:03:17 - [MESSAGE][INFO] - HAR: E:\SEMESTER 7\MBKM\Capstone Project\CICD\API\Terbaru\Baru2\CapstoneWorkfitAPI\Reports\20221221_160244\Regression\Regression\20221221_160244\requests\main\23.har

2022-12-21 16:03:17 - [MESSAGE][PASSED] - Send request successfully

2022-12-21 16:03:17 - [TEST_STEP][PASSED] - verifyResponseStatusCode(response, statuscode): Verify response status code successfully

2022-12-21 16:03:17 - [MESSAGE][PASSED] - Verify response status code successfully

2022-12-21 16:03:17 - [TEST_STEP][PASSED] - response = sendRequest(findTestObject("Booking/Online Book/Update class/Update with invalid input")): Send request successfully

2022-12-21 16:03:18 - [MESSAGE][INFO] - HAR: E:\SEMESTER 7\MBKM\Capstone Project\CICD\API\Terbaru\Baru2\CapstoneWorkfitAPI\Reports\20221221_160244\Regression\Regression\20221221_160244\requests\main\24.har

2022-12-21 16:03:18 - [MESSAGE][PASSED] - Send request successfully

2022-12-21 16:03:18 - [TEST_STEP][PASSED] - verifyResponseStatusCode(response, statusCode405): Verify response status code successfully

2022-12-21 16:03:18 - [MESSAGE][PASSED] - Verify response status code successfully

2022-12-21 16:03:18 - [TEST_STEP][PASSED] - response = sendRequest(findTestObject("Booking/Online Book/Update class/Update with invalid Token")): Send request successfully

2022-12-21 16:03:18 - [MESSAGE][INFO] - HAR: E:\SEMESTER 7\MBKM\Capstone Project\CICD\API\Terbaru\Baru2\CapstoneWorkfitAPI\Reports\20221221_160244\Regression\Regression\20221221_160244\requests\main\25.har

2022-12-21 16:03:18 - [MESSAGE][PASSED] - Send request successfully

2022-12-21 16:03:18 - [TEST_STEP][PASSED] - verifyResponseStatusCode(response, statusCode405): Verify response status code successfully

2022-12-21 16:03:18 - [MESSAGE][PASSED] - Verify response status code successfully

2022-12-21 16:03:18 - [TEST_STEP][PASSED] - response = sendRequest(findTestObject("Booking/Online Book/Update class/With POST Method")): Send request successfully

2022-12-21 16:03:18 - [MESSAGE][INFO] - HAR: E:\SEMESTER 7\MBKM\Capstone Project\CICD\API\Terbaru\Baru2\CapstoneWorkfitAPI\Reports\20221221_160244\Regression\Regression\20221221_160244\requests\main\26.har

2022-12-21 16:03:18 - [MESSAGE][PASSED] - Send request successfully

2022-12-21 16:03:18 - [TEST_STEP][PASSED] - verifyResponseStatusCode(response, StatusCode401): Verify response status code successfully

2022-12-21 16:03:18 - [MESSAGE][PASSED] - Verify response status code successfully

2022-12-21 16:03:18 - [TEST_STEP][PASSED] - response = sendRequest(findTestObject("Booking/Online Book/Update class/With PUT Method")): Send request successfully

2022-12-21 16:03:19 - [MESSAGE][INFO] - HAR: E:\SEMESTER 7\MBKM\Capstone Project\CICD\API\Terbaru\Baru2\CapstoneWorkfitAPI\Reports\20221221_160244\Regression\Regression\20221221_160244\requests\main\27.har

2022-12-21 16:03:19 - [MESSAGE][PASSED] - Send request successfully

2022-12-21 16:03:19 - [TEST_STEP][PASSED] - verifyResponseStatusCode(response, statusCode405): Verify response status code successfully

2022-12-21 16:03:19 - [MESSAGE][PASSED] - Verify response status code successfully]]></system-out>
         <system-err><![CDATA[]]></system-err>
      </testcase>
      <testcase name="Test Cases/Booking/Online Class/TC_GetAllClass" time="2.421" classname="Test Cases/Booking/Online Class/TC_GetAllClass" status="PASSED">
         <system-out><![CDATA[2022-12-21 16:03:19 - [TEST_CASE][PASSED] - Test Cases/Booking/Online Class/TC_GetAllClass: Test Cases/Booking/Online Class/TC_GetAllClass

2022-12-21 16:03:19 - [TEST_STEP][PASSED] - response = sendRequest(findTestObject("AUTH/Login/Login with valid"), CONTINUE_ON_FAILURE): Send request successfully

2022-12-21 16:03:20 - [MESSAGE][INFO] - HAR: E:\SEMESTER 7\MBKM\Capstone Project\CICD\API\Terbaru\Baru2\CapstoneWorkfitAPI\Reports\20221221_160244\Regression\Regression\20221221_160244\requests\main\28.har

2022-12-21 16:03:20 - [MESSAGE][PASSED] - Send request successfully

2022-12-21 16:03:20 - [TEST_STEP][PASSED] - verifyResponseStatusCode(response, 200): Verify response status code successfully

2022-12-21 16:03:20 - [MESSAGE][PASSED] - Verify response status code successfully

2022-12-21 16:03:20 - [TEST_STEP][PASSED] - slurper = new groovy.json.JsonSlurper(): null

2022-12-21 16:03:20 - [TEST_STEP][PASSED] - parsedJson = slurper.parseText(response.getResponseText()): null

2022-12-21 16:03:20 - [TEST_STEP][PASSED] - Token = access_token: null

2022-12-21 16:03:20 - [TEST_STEP][PASSED] - globalVar = Token: null

2022-12-21 16:03:20 - [TEST_STEP][PASSED] - response = sendRequest(findTestObject("Booking/Online Book/See all boking class/get all booking class"), CONTINUE_ON_FAILURE): Send request successfully

2022-12-21 16:03:20 - [MESSAGE][INFO] - HAR: E:\SEMESTER 7\MBKM\Capstone Project\CICD\API\Terbaru\Baru2\CapstoneWorkfitAPI\Reports\20221221_160244\Regression\Regression\20221221_160244\requests\main\29.har

2022-12-21 16:03:20 - [MESSAGE][PASSED] - Send request successfully

2022-12-21 16:03:20 - [TEST_STEP][PASSED] - verifyResponseStatusCode(response, 200): Verify response status code successfully

2022-12-21 16:03:20 - [MESSAGE][PASSED] - Verify response status code successfully

2022-12-21 16:03:20 - [TEST_STEP][PASSED] - response = sendRequest(findTestObject("Booking/Online Book/See all boking class/With PATCH Method")): Send request successfully

2022-12-21 16:03:21 - [MESSAGE][INFO] - HAR: E:\SEMESTER 7\MBKM\Capstone Project\CICD\API\Terbaru\Baru2\CapstoneWorkfitAPI\Reports\20221221_160244\Regression\Regression\20221221_160244\requests\main\30.har

2022-12-21 16:03:21 - [MESSAGE][PASSED] - Send request successfully

2022-12-21 16:03:21 - [TEST_STEP][PASSED] - verifyResponseStatusCode(response, statusCode405): Verify response status code successfully

2022-12-21 16:03:21 - [MESSAGE][PASSED] - Verify response status code successfully

2022-12-21 16:03:21 - [TEST_STEP][PASSED] - response = sendRequest(findTestObject("Booking/Online Book/See all boking class/With POST Method")): Send request successfully

2022-12-21 16:03:21 - [MESSAGE][INFO] - HAR: E:\SEMESTER 7\MBKM\Capstone Project\CICD\API\Terbaru\Baru2\CapstoneWorkfitAPI\Reports\20221221_160244\Regression\Regression\20221221_160244\requests\main\31.har

2022-12-21 16:03:21 - [MESSAGE][PASSED] - Send request successfully

2022-12-21 16:03:21 - [TEST_STEP][PASSED] - verifyResponseStatusCode(response, StatusCode401): Verify response status code successfully

2022-12-21 16:03:21 - [MESSAGE][PASSED] - Verify response status code successfully

2022-12-21 16:03:21 - [TEST_STEP][PASSED] - response = sendRequest(findTestObject("Booking/Online Book/See all boking class/With PUT Method")): Send request successfully

2022-12-21 16:03:21 - [MESSAGE][INFO] - HAR: E:\SEMESTER 7\MBKM\Capstone Project\CICD\API\Terbaru\Baru2\CapstoneWorkfitAPI\Reports\20221221_160244\Regression\Regression\20221221_160244\requests\main\32.har

2022-12-21 16:03:21 - [MESSAGE][PASSED] - Send request successfully

2022-12-21 16:03:21 - [TEST_STEP][PASSED] - verifyResponseStatusCode(response, statusCode405): Verify response status code successfully

2022-12-21 16:03:21 - [MESSAGE][PASSED] - Verify response status code successfully]]></system-out>
         <system-err><![CDATA[]]></system-err>
      </testcase>
      <testcase name="Test Cases/Booking/Online Class/TC_Update" time="2.953" classname="Test Cases/Booking/Online Class/TC_Update" status="PASSED">
         <system-out><![CDATA[2022-12-21 16:03:21 - [TEST_CASE][PASSED] - Test Cases/Booking/Online Class/TC_Update: Test Cases/Booking/Online Class/TC_Update

2022-12-21 16:03:22 - [TEST_STEP][PASSED] - response = sendRequest(findTestObject("AUTH/Login/Login with valid"), CONTINUE_ON_FAILURE): Send request successfully

2022-12-21 16:03:22 - [MESSAGE][INFO] - HAR: E:\SEMESTER 7\MBKM\Capstone Project\CICD\API\Terbaru\Baru2\CapstoneWorkfitAPI\Reports\20221221_160244\Regression\Regression\20221221_160244\requests\main\33.har

2022-12-21 16:03:22 - [MESSAGE][PASSED] - Send request successfully

2022-12-21 16:03:22 - [TEST_STEP][PASSED] - verifyResponseStatusCode(response, 200): Verify response status code successfully

2022-12-21 16:03:22 - [MESSAGE][PASSED] - Verify response status code successfully

2022-12-21 16:03:22 - [TEST_STEP][PASSED] - slurper = new groovy.json.JsonSlurper(): null

2022-12-21 16:03:22 - [TEST_STEP][PASSED] - parsedJson = slurper.parseText(response.getResponseText()): null

2022-12-21 16:03:22 - [TEST_STEP][PASSED] - Token = access_token: null

2022-12-21 16:03:22 - [TEST_STEP][PASSED] - globalVar = Token: null

2022-12-21 16:03:22 - [TEST_STEP][PASSED] - response = sendRequest(findTestObject("Booking/Offline Book/Update class/Update class with valid input"), CONTINUE_ON_FAILURE): Send request successfully

2022-12-21 16:03:22 - [MESSAGE][INFO] - HAR: E:\SEMESTER 7\MBKM\Capstone Project\CICD\API\Terbaru\Baru2\CapstoneWorkfitAPI\Reports\20221221_160244\Regression\Regression\20221221_160244\requests\main\34.har

2022-12-21 16:03:22 - [MESSAGE][PASSED] - Send request successfully

2022-12-21 16:03:22 - [TEST_STEP][PASSED] - verifyResponseStatusCode(response, statusCode405): Verify response status code successfully

2022-12-21 16:03:22 - [MESSAGE][PASSED] - Verify response status code successfully

2022-12-21 16:03:22 - [TEST_STEP][PASSED] - response = sendRequest(findTestObject("Booking/Offline Book/Update class/Update with invalid input")): Send request successfully

2022-12-21 16:03:23 - [MESSAGE][INFO] - HAR: E:\SEMESTER 7\MBKM\Capstone Project\CICD\API\Terbaru\Baru2\CapstoneWorkfitAPI\Reports\20221221_160244\Regression\Regression\20221221_160244\requests\main\35.har

2022-12-21 16:03:23 - [MESSAGE][PASSED] - Send request successfully

2022-12-21 16:03:23 - [TEST_STEP][PASSED] - verifyResponseStatusCode(response, statusCode405): Verify response status code successfully

2022-12-21 16:03:23 - [MESSAGE][PASSED] - Verify response status code successfully

2022-12-21 16:03:23 - [TEST_STEP][PASSED] - response = sendRequest(findTestObject("Booking/Offline Book/Update class/Update with invalid Token")): Send request successfully

2022-12-21 16:03:23 - [MESSAGE][INFO] - HAR: E:\SEMESTER 7\MBKM\Capstone Project\CICD\API\Terbaru\Baru2\CapstoneWorkfitAPI\Reports\20221221_160244\Regression\Regression\20221221_160244\requests\main\36.har

2022-12-21 16:03:23 - [MESSAGE][PASSED] - Send request successfully

2022-12-21 16:03:23 - [TEST_STEP][PASSED] - verifyResponseStatusCode(response, statusCode405): Verify response status code successfully

2022-12-21 16:03:23 - [MESSAGE][PASSED] - Verify response status code successfully

2022-12-21 16:03:23 - [TEST_STEP][PASSED] - response = sendRequest(findTestObject("Booking/Offline Book/Update class/With POST Method")): Send request successfully

2022-12-21 16:03:24 - [MESSAGE][INFO] - HAR: E:\SEMESTER 7\MBKM\Capstone Project\CICD\API\Terbaru\Baru2\CapstoneWorkfitAPI\Reports\20221221_160244\Regression\Regression\20221221_160244\requests\main\37.har

2022-12-21 16:03:24 - [MESSAGE][PASSED] - Send request successfully

2022-12-21 16:03:24 - [TEST_STEP][PASSED] - verifyResponseStatusCode(response, StatusCode401): Verify response status code successfully

2022-12-21 16:03:24 - [MESSAGE][PASSED] - Verify response status code successfully

2022-12-21 16:03:24 - [TEST_STEP][PASSED] - response = sendRequest(findTestObject("Booking/Offline Book/Update class/With PUT Method")): Send request successfully

2022-12-21 16:03:24 - [MESSAGE][INFO] - HAR: E:\SEMESTER 7\MBKM\Capstone Project\CICD\API\Terbaru\Baru2\CapstoneWorkfitAPI\Reports\20221221_160244\Regression\Regression\20221221_160244\requests\main\38.har

2022-12-21 16:03:24 - [MESSAGE][PASSED] - Send request successfully

2022-12-21 16:03:24 - [TEST_STEP][PASSED] - verifyResponseStatusCode(response, statusCode405): Verify response status code successfully

2022-12-21 16:03:24 - [MESSAGE][PASSED] - Verify response status code successfully]]></system-out>
         <system-err><![CDATA[]]></system-err>
      </testcase>
      <testcase name="Test Cases/Booking/Online Class/TC_Create" time="1.83" classname="Test Cases/Booking/Online Class/TC_Create" status="PASSED">
         <system-out><![CDATA[2022-12-21 16:03:24 - [TEST_CASE][PASSED] - Test Cases/Booking/Online Class/TC_Create: Test Cases/Booking/Online Class/TC_Create

2022-12-21 16:03:25 - [TEST_STEP][PASSED] - response = sendRequest(findTestObject("AUTH/Login/Login with valid"), CONTINUE_ON_FAILURE): Send request successfully

2022-12-21 16:03:25 - [MESSAGE][INFO] - HAR: E:\SEMESTER 7\MBKM\Capstone Project\CICD\API\Terbaru\Baru2\CapstoneWorkfitAPI\Reports\20221221_160244\Regression\Regression\20221221_160244\requests\main\39.har

2022-12-21 16:03:25 - [MESSAGE][PASSED] - Send request successfully

2022-12-21 16:03:25 - [TEST_STEP][PASSED] - verifyResponseStatusCode(response, 200): Verify response status code successfully

2022-12-21 16:03:25 - [MESSAGE][PASSED] - Verify response status code successfully

2022-12-21 16:03:25 - [TEST_STEP][PASSED] - slurper = new groovy.json.JsonSlurper(): null

2022-12-21 16:03:25 - [TEST_STEP][PASSED] - parsedJson = slurper.parseText(response.getResponseText()): null

2022-12-21 16:03:25 - [TEST_STEP][PASSED] - Token = access_token: null

2022-12-21 16:03:25 - [TEST_STEP][PASSED] - globalVar = Token: null

2022-12-21 16:03:25 - [TEST_STEP][PASSED] - response = sendRequest(findTestObject("Booking/Online Book/create book online/Create class with valid input"), CONTINUE_ON_FAILURE): Send request successfully

2022-12-21 16:03:25 - [MESSAGE][INFO] - HAR: E:\SEMESTER 7\MBKM\Capstone Project\CICD\API\Terbaru\Baru2\CapstoneWorkfitAPI\Reports\20221221_160244\Regression\Regression\20221221_160244\requests\main\40.har

2022-12-21 16:03:25 - [MESSAGE][PASSED] - Send request successfully

2022-12-21 16:03:25 - [TEST_STEP][PASSED] - verifyResponseStatusCode(response, StatusCode201): Verify response status code successfully

2022-12-21 16:03:25 - [MESSAGE][PASSED] - Verify response status code successfully

2022-12-21 16:03:25 - [TEST_STEP][PASSED] - response = sendRequest(findTestObject("Booking/Online Book/create book online/Create with invalid input")): Send request successfully

2022-12-21 16:03:26 - [MESSAGE][INFO] - HAR: E:\SEMESTER 7\MBKM\Capstone Project\CICD\API\Terbaru\Baru2\CapstoneWorkfitAPI\Reports\20221221_160244\Regression\Regression\20221221_160244\requests\main\41.har

2022-12-21 16:03:26 - [MESSAGE][PASSED] - Send request successfully

2022-12-21 16:03:26 - [TEST_STEP][PASSED] - verifyResponseStatusCode(response, StatusCode401): Verify response status code successfully

2022-12-21 16:03:26 - [MESSAGE][PASSED] - Verify response status code successfully

2022-12-21 16:03:26 - [TEST_STEP][PASSED] - response = sendRequest(findTestObject("Booking/Online Book/create book online/Create with invalid Token")): Send request successfully

2022-12-21 16:03:26 - [MESSAGE][INFO] - HAR: E:\SEMESTER 7\MBKM\Capstone Project\CICD\API\Terbaru\Baru2\CapstoneWorkfitAPI\Reports\20221221_160244\Regression\Regression\20221221_160244\requests\main\42.har

2022-12-21 16:03:26 - [MESSAGE][PASSED] - Send request successfully

2022-12-21 16:03:26 - [TEST_STEP][PASSED] - verifyResponseStatusCode(response, StatusCode401): Verify response status code successfully

2022-12-21 16:03:26 - [MESSAGE][PASSED] - Verify response status code successfully]]></system-out>
         <system-err><![CDATA[]]></system-err>
      </testcase>
      <system-out><![CDATA[2022-12-21 16:03:02 - [TEST_SUITE][PASSED] - Regression: Test Cases/Booking/Online Class/TC_Create]]></system-out>
      <system-err><![CDATA[]]></system-err>
   </testsuite>
</testsuites>
