<?xml version="1.0" encoding="UTF-8"?>
<testsuites name="Regression2" time="39.924" tests="13" failures="1" errors="0">
   <testsuite name="Regression2" tests="13" failures="1" errors="0" time="39.924" skipped="0" timestamp="2022-12-21 16:15:21" hostname="Asus - DESKTOP-SRK5D1D" id="Test Suites/Regression/Regression2">
      <properties>
         <property name="deviceName" value=""/>
         <property name="devicePlatform" value=""/>
         <property name="logFolder" value="E:\\SEMESTER 7\\MBKM\\Capstone Project\\CICD\\API\\Terbaru\\Baru2\\CapstoneWorkfitAPI\\Reports\\20221221_161503\\Regression\\Regression2\\20221221_161503"/>
         <property name="logFiles" value="E:\\SEMESTER 7\\MBKM\\Capstone Project\\CICD\\API\\Terbaru\\Baru2\\CapstoneWorkfitAPI\\Reports\\20221221_161503\\Regression\\Regression2\\20221221_161503\\execution0.log"/>
         <property name="attachments" value=""/>
         <property name="hostName" value="Asus - DESKTOP-SRK5D1D"/>
         <property name="hostAddress" value="192.168.56.1"/>
         <property name="os" value="Windows 10 64bit"/>
         <property name="katalonVersion" value="8.3.0.208"/>
      </properties>
      <testcase name="Test Cases/Auth/TC_login01" time="7.686" classname="Test Cases/Auth/TC_login01" status="PASSED">
         <system-out><![CDATA[2022-12-21 16:15:21 - [TEST_CASE][PASSED] - Test Cases/Auth/TC_login01: Test Cases/Auth/TC_login01

2022-12-21 16:15:21 - [TEST_STEP][PASSED] - response = sendRequest(findTestObject("AUTH/Login/Login with valid"), CONTINUE_ON_FAILURE): Send request successfully

2022-12-21 16:15:24 - [MESSAGE][INFO] - HAR: E:\SEMESTER 7\MBKM\Capstone Project\CICD\API\Terbaru\Baru2\CapstoneWorkfitAPI\Reports\20221221_161503\Regression\Regression2\20221221_161503\requests\main\0.har

2022-12-21 16:15:24 - [MESSAGE][PASSED] - Send request successfully

2022-12-21 16:15:24 - [TEST_STEP][PASSED] - verifyResponseStatusCode(response, 200): Verify response status code successfully

2022-12-21 16:15:24 - [MESSAGE][PASSED] - Verify response status code successfully

2022-12-21 16:15:24 - [TEST_STEP][PASSED] - slurper = new groovy.json.JsonSlurper(): null

2022-12-21 16:15:24 - [TEST_STEP][PASSED] - parsedJson = slurper.parseText(response.getResponseText()): null

2022-12-21 16:15:24 - [TEST_STEP][PASSED] - Token = access_token: null

2022-12-21 16:15:24 - [TEST_STEP][PASSED] - globalVar = Token: null

2022-12-21 16:15:24 - [TEST_STEP][PASSED] - response = sendRequest(findTestObject("AUTH/Login/login with invalid input")): Send request successfully

2022-12-21 16:15:25 - [MESSAGE][INFO] - HAR: E:\SEMESTER 7\MBKM\Capstone Project\CICD\API\Terbaru\Baru2\CapstoneWorkfitAPI\Reports\20221221_161503\Regression\Regression2\20221221_161503\requests\main\1.har

2022-12-21 16:15:25 - [MESSAGE][PASSED] - Send request successfully

2022-12-21 16:15:25 - [TEST_STEP][PASSED] - verifyResponseStatusCode(response, statusCode400): Verify response status code successfully

2022-12-21 16:15:25 - [MESSAGE][PASSED] - Verify response status code successfully

2022-12-21 16:15:25 - [TEST_STEP][PASSED] - response = sendRequest(findTestObject("AUTH/Login/login with null email")): Send request successfully

2022-12-21 16:15:25 - [MESSAGE][INFO] - HAR: E:\SEMESTER 7\MBKM\Capstone Project\CICD\API\Terbaru\Baru2\CapstoneWorkfitAPI\Reports\20221221_161503\Regression\Regression2\20221221_161503\requests\main\2.har

2022-12-21 16:15:25 - [MESSAGE][PASSED] - Send request successfully

2022-12-21 16:15:25 - [TEST_STEP][PASSED] - verifyResponseStatusCode(response, StatusCode422): Verify response status code successfully

2022-12-21 16:15:25 - [MESSAGE][PASSED] - Verify response status code successfully

2022-12-21 16:15:25 - [TEST_STEP][PASSED] - response = sendRequest(findTestObject("AUTH/Login/login with null input")): Send request successfully

2022-12-21 16:15:26 - [MESSAGE][INFO] - HAR: E:\SEMESTER 7\MBKM\Capstone Project\CICD\API\Terbaru\Baru2\CapstoneWorkfitAPI\Reports\20221221_161503\Regression\Regression2\20221221_161503\requests\main\3.har

2022-12-21 16:15:26 - [MESSAGE][PASSED] - Send request successfully

2022-12-21 16:15:26 - [TEST_STEP][PASSED] - verifyResponseStatusCode(response, StatusCode422): Verify response status code successfully

2022-12-21 16:15:26 - [MESSAGE][PASSED] - Verify response status code successfully

2022-12-21 16:15:26 - [TEST_STEP][PASSED] - response = sendRequest(findTestObject("AUTH/Login/login with null password")): Send request successfully

2022-12-21 16:15:26 - [MESSAGE][INFO] - HAR: E:\SEMESTER 7\MBKM\Capstone Project\CICD\API\Terbaru\Baru2\CapstoneWorkfitAPI\Reports\20221221_161503\Regression\Regression2\20221221_161503\requests\main\4.har

2022-12-21 16:15:26 - [MESSAGE][PASSED] - Send request successfully

2022-12-21 16:15:26 - [TEST_STEP][PASSED] - verifyResponseStatusCode(response, StatusCode422): Verify response status code successfully

2022-12-21 16:15:26 - [MESSAGE][PASSED] - Verify response status code successfully

2022-12-21 16:15:26 - [TEST_STEP][PASSED] - response = sendRequest(findTestObject("AUTH/Login/Login with invalid email")): Send request successfully

2022-12-21 16:15:27 - [MESSAGE][INFO] - HAR: E:\SEMESTER 7\MBKM\Capstone Project\CICD\API\Terbaru\Baru2\CapstoneWorkfitAPI\Reports\20221221_161503\Regression\Regression2\20221221_161503\requests\main\5.har

2022-12-21 16:15:27 - [MESSAGE][PASSED] - Send request successfully

2022-12-21 16:15:27 - [TEST_STEP][PASSED] - verifyResponseStatusCode(response, StatusCode422): Verify response status code successfully

2022-12-21 16:15:27 - [MESSAGE][PASSED] - Verify response status code successfully

2022-12-21 16:15:27 - [TEST_STEP][PASSED] - response = sendRequest(findTestObject("AUTH/Login/Login with invalid password")): Send request successfully

2022-12-21 16:15:27 - [MESSAGE][INFO] - HAR: E:\SEMESTER 7\MBKM\Capstone Project\CICD\API\Terbaru\Baru2\CapstoneWorkfitAPI\Reports\20221221_161503\Regression\Regression2\20221221_161503\requests\main\6.har

2022-12-21 16:15:27 - [MESSAGE][PASSED] - Send request successfully

2022-12-21 16:15:27 - [TEST_STEP][PASSED] - verifyResponseStatusCode(response, StatusCode422): Verify response status code successfully

2022-12-21 16:15:27 - [MESSAGE][PASSED] - Verify response status code successfully

2022-12-21 16:15:27 - [TEST_STEP][PASSED] - response = sendRequest(findTestObject("AUTH/Login/try with Get method")): Send request successfully

2022-12-21 16:15:28 - [MESSAGE][INFO] - HAR: E:\SEMESTER 7\MBKM\Capstone Project\CICD\API\Terbaru\Baru2\CapstoneWorkfitAPI\Reports\20221221_161503\Regression\Regression2\20221221_161503\requests\main\7.har

2022-12-21 16:15:28 - [MESSAGE][PASSED] - Send request successfully

2022-12-21 16:15:28 - [TEST_STEP][PASSED] - verifyResponseStatusCode(response, statusCode405): Verify response status code successfully

2022-12-21 16:15:28 - [MESSAGE][PASSED] - Verify response status code successfully

2022-12-21 16:15:28 - [TEST_STEP][PASSED] - response = sendRequest(findTestObject("AUTH/Login/try with PUT method")): Send request successfully

2022-12-21 16:15:28 - [MESSAGE][INFO] - HAR: E:\SEMESTER 7\MBKM\Capstone Project\CICD\API\Terbaru\Baru2\CapstoneWorkfitAPI\Reports\20221221_161503\Regression\Regression2\20221221_161503\requests\main\8.har

2022-12-21 16:15:28 - [MESSAGE][PASSED] - Send request successfully

2022-12-21 16:15:28 - [TEST_STEP][PASSED] - verifyResponseStatusCode(response, statusCode405): Verify response status code successfully

2022-12-21 16:15:28 - [MESSAGE][PASSED] - Verify response status code successfully

2022-12-21 16:15:28 - [TEST_STEP][PASSED] - response = sendRequest(findTestObject("AUTH/Login/tyr with PATCH method")): Send request successfully

2022-12-21 16:15:29 - [MESSAGE][INFO] - HAR: E:\SEMESTER 7\MBKM\Capstone Project\CICD\API\Terbaru\Baru2\CapstoneWorkfitAPI\Reports\20221221_161503\Regression\Regression2\20221221_161503\requests\main\9.har

2022-12-21 16:15:29 - [MESSAGE][PASSED] - Send request successfully

2022-12-21 16:15:29 - [TEST_STEP][PASSED] - verifyResponseStatusCode(response, statusCode405): Verify response status code successfully

2022-12-21 16:15:29 - [MESSAGE][PASSED] - Verify response status code successfully]]></system-out>
         <system-err><![CDATA[]]></system-err>
      </testcase>
      <testcase name="Test Cases/Auth/TC_Register" time="5.186" classname="Test Cases/Auth/TC_Register" status="PASSED">
         <system-out><![CDATA[2022-12-21 16:15:29 - [TEST_CASE][PASSED] - Test Cases/Auth/TC_Register: Test Cases/Auth/TC_Register

2022-12-21 16:15:29 - [TEST_STEP][PASSED] - response = sendRequest(findTestObject("AUTH/Register/Register with valid input"), CONTINUE_ON_FAILURE): Send request successfully

2022-12-21 16:15:30 - [MESSAGE][INFO] - HAR: E:\SEMESTER 7\MBKM\Capstone Project\CICD\API\Terbaru\Baru2\CapstoneWorkfitAPI\Reports\20221221_161503\Regression\Regression2\20221221_161503\requests\main\10.har

2022-12-21 16:15:30 - [MESSAGE][PASSED] - Send request successfully

2022-12-21 16:15:30 - [TEST_STEP][PASSED] - slurper = new groovy.json.JsonSlurper(): null

2022-12-21 16:15:30 - [TEST_STEP][PASSED] - parsedJson = slurper.parseText(response.getResponseText()): null

2022-12-21 16:15:30 - [TEST_STEP][PASSED] - response = sendRequest(findTestObject("AUTH/Register/Register with invalid input")): Send request successfully

2022-12-21 16:15:30 - [MESSAGE][INFO] - HAR: E:\SEMESTER 7\MBKM\Capstone Project\CICD\API\Terbaru\Baru2\CapstoneWorkfitAPI\Reports\20221221_161503\Regression\Regression2\20221221_161503\requests\main\11.har

2022-12-21 16:15:30 - [MESSAGE][PASSED] - Send request successfully

2022-12-21 16:15:30 - [TEST_STEP][PASSED] - verifyResponseStatusCode(response, StatusCode422): Verify response status code successfully

2022-12-21 16:15:30 - [MESSAGE][PASSED] - Verify response status code successfully

2022-12-21 16:15:30 - [TEST_STEP][PASSED] - response = sendRequest(findTestObject("AUTH/Register/Register with null all")): Send request successfully

2022-12-21 16:15:31 - [MESSAGE][INFO] - HAR: E:\SEMESTER 7\MBKM\Capstone Project\CICD\API\Terbaru\Baru2\CapstoneWorkfitAPI\Reports\20221221_161503\Regression\Regression2\20221221_161503\requests\main\12.har

2022-12-21 16:15:31 - [MESSAGE][PASSED] - Send request successfully

2022-12-21 16:15:31 - [TEST_STEP][PASSED] - verifyResponseStatusCode(response, StatusCode422): Verify response status code successfully

2022-12-21 16:15:31 - [MESSAGE][PASSED] - Verify response status code successfully

2022-12-21 16:15:31 - [TEST_STEP][PASSED] - response = sendRequest(findTestObject("AUTH/Register/Register with null email")): Send request successfully

2022-12-21 16:15:31 - [MESSAGE][INFO] - HAR: E:\SEMESTER 7\MBKM\Capstone Project\CICD\API\Terbaru\Baru2\CapstoneWorkfitAPI\Reports\20221221_161503\Regression\Regression2\20221221_161503\requests\main\13.har

2022-12-21 16:15:31 - [MESSAGE][PASSED] - Send request successfully

2022-12-21 16:15:31 - [TEST_STEP][PASSED] - verifyResponseStatusCode(response, StatusCode422): Verify response status code successfully

2022-12-21 16:15:31 - [MESSAGE][PASSED] - Verify response status code successfully

2022-12-21 16:15:31 - [TEST_STEP][PASSED] - response = sendRequest(findTestObject("AUTH/Register/Register with null fullname")): Send request successfully

2022-12-21 16:15:31 - [MESSAGE][INFO] - HAR: E:\SEMESTER 7\MBKM\Capstone Project\CICD\API\Terbaru\Baru2\CapstoneWorkfitAPI\Reports\20221221_161503\Regression\Regression2\20221221_161503\requests\main\14.har

2022-12-21 16:15:31 - [MESSAGE][PASSED] - Send request successfully

2022-12-21 16:15:31 - [TEST_STEP][PASSED] - verifyResponseStatusCode(response, statusCode400): Verify response status code successfully

2022-12-21 16:15:31 - [MESSAGE][PASSED] - Verify response status code successfully

2022-12-21 16:15:31 - [TEST_STEP][PASSED] - response = sendRequest(findTestObject("AUTH/Register/Register with null lastname")): Send request successfully

2022-12-21 16:15:32 - [MESSAGE][INFO] - HAR: E:\SEMESTER 7\MBKM\Capstone Project\CICD\API\Terbaru\Baru2\CapstoneWorkfitAPI\Reports\20221221_161503\Regression\Regression2\20221221_161503\requests\main\15.har

2022-12-21 16:15:32 - [MESSAGE][PASSED] - Send request successfully

2022-12-21 16:15:32 - [TEST_STEP][PASSED] - verifyResponseStatusCode(response, StatusCode422): Verify response status code successfully

2022-12-21 16:15:32 - [MESSAGE][PASSED] - Verify response status code successfully

2022-12-21 16:15:32 - [TEST_STEP][PASSED] - response = sendRequest(findTestObject("AUTH/Register/Register with null password")): Send request successfully

2022-12-21 16:15:32 - [MESSAGE][INFO] - HAR: E:\SEMESTER 7\MBKM\Capstone Project\CICD\API\Terbaru\Baru2\CapstoneWorkfitAPI\Reports\20221221_161503\Regression\Regression2\20221221_161503\requests\main\16.har

2022-12-21 16:15:32 - [MESSAGE][PASSED] - Send request successfully

2022-12-21 16:15:32 - [TEST_STEP][PASSED] - verifyResponseStatusCode(response, statusCode400): Verify response status code successfully

2022-12-21 16:15:32 - [MESSAGE][PASSED] - Verify response status code successfully

2022-12-21 16:15:32 - [TEST_STEP][PASSED] - response = sendRequest(findTestObject("AUTH/Register/Register with null phonenumber")): Send request successfully

2022-12-21 16:15:33 - [MESSAGE][INFO] - HAR: E:\SEMESTER 7\MBKM\Capstone Project\CICD\API\Terbaru\Baru2\CapstoneWorkfitAPI\Reports\20221221_161503\Regression\Regression2\20221221_161503\requests\main\17.har

2022-12-21 16:15:33 - [MESSAGE][PASSED] - Send request successfully

2022-12-21 16:15:33 - [TEST_STEP][PASSED] - verifyResponseStatusCode(response, StatusCode422): Verify response status code successfully

2022-12-21 16:15:33 - [MESSAGE][PASSED] - Verify response status code successfully

2022-12-21 16:15:33 - [TEST_STEP][PASSED] - response = sendRequest(findTestObject("AUTH/Register/try with GET method")): Send request successfully

2022-12-21 16:15:33 - [MESSAGE][INFO] - HAR: E:\SEMESTER 7\MBKM\Capstone Project\CICD\API\Terbaru\Baru2\CapstoneWorkfitAPI\Reports\20221221_161503\Regression\Regression2\20221221_161503\requests\main\18.har

2022-12-21 16:15:33 - [MESSAGE][PASSED] - Send request successfully

2022-12-21 16:15:33 - [TEST_STEP][PASSED] - verifyResponseStatusCode(response, statusCode405): Verify response status code successfully

2022-12-21 16:15:33 - [MESSAGE][PASSED] - Verify response status code successfully

2022-12-21 16:15:33 - [TEST_STEP][PASSED] - response = sendRequest(findTestObject("AUTH/Register/try with PATCH method")): Send request successfully

2022-12-21 16:15:34 - [MESSAGE][INFO] - HAR: E:\SEMESTER 7\MBKM\Capstone Project\CICD\API\Terbaru\Baru2\CapstoneWorkfitAPI\Reports\20221221_161503\Regression\Regression2\20221221_161503\requests\main\19.har

2022-12-21 16:15:34 - [MESSAGE][PASSED] - Send request successfully

2022-12-21 16:15:34 - [TEST_STEP][PASSED] - verifyResponseStatusCode(response, statusCode405): Verify response status code successfully

2022-12-21 16:15:34 - [MESSAGE][PASSED] - Verify response status code successfully

2022-12-21 16:15:34 - [TEST_STEP][PASSED] - response = sendRequest(findTestObject("AUTH/Register/try with PUT method")): Send request successfully

2022-12-21 16:15:34 - [MESSAGE][INFO] - HAR: E:\SEMESTER 7\MBKM\Capstone Project\CICD\API\Terbaru\Baru2\CapstoneWorkfitAPI\Reports\20221221_161503\Regression\Regression2\20221221_161503\requests\main\20.har

2022-12-21 16:15:34 - [MESSAGE][PASSED] - Send request successfully

2022-12-21 16:15:34 - [TEST_STEP][PASSED] - verifyResponseStatusCode(response, statusCode405): Verify response status code successfully

2022-12-21 16:15:34 - [MESSAGE][PASSED] - Verify response status code successfully]]></system-out>
         <system-err><![CDATA[]]></system-err>
      </testcase>
      <testcase name="Test Cases/Auth/TC_ForgotPassword" time="1.577" classname="Test Cases/Auth/TC_ForgotPassword" status="FAILED">
         <failure type="FAILED" message="Test Cases/Auth/TC_ForgotPassword FAILED.
Reason:
com.kms.katalon.core.exception.StepFailedException: Expected status code is '200' but actual status code is '500'
	at com.kms.katalon.core.keyword.internal.KeywordMain.stepFailed(KeywordMain.groovy:50)
	at com.kms.katalon.core.webservice.keyword.builtin.VerifyResponseStatusCodeKeyword.verifyStatusCode(VerifyResponseStatusCodeKeyword.groovy:52)
	at com.kms.katalon.core.webservice.keyword.builtin.VerifyResponseStatusCodeKeyword.access$1(VerifyResponseStatusCodeKeyword.groovy)
	at com.kms.katalon.core.webservice.keyword.builtin.VerifyResponseStatusCodeKeyword$_verifyResponseStatusCode_closure1.doCall(VerifyResponseStatusCodeKeyword.groovy:42)
	at com.kms.katalon.core.webservice.keyword.builtin.VerifyResponseStatusCodeKeyword$_verifyResponseStatusCode_closure1.call(VerifyResponseStatusCodeKeyword.groovy)
	at com.kms.katalon.core.keyword.internal.KeywordMain.runKeyword(KeywordMain.groovy:74)
	at com.kms.katalon.core.webservice.keyword.builtin.VerifyResponseStatusCodeKeyword.verifyResponseStatusCode(VerifyResponseStatusCodeKeyword.groovy:37)
	at com.kms.katalon.core.webservice.keyword.builtin.VerifyResponseStatusCodeKeyword.execute(VerifyResponseStatusCodeKeyword.groovy:32)
	at com.kms.katalon.core.keyword.internal.KeywordExecutor.executeKeywordForPlatform(KeywordExecutor.groovy:74)
	at com.kms.katalon.core.webservice.keyword.WSBuiltInKeywords.verifyResponseStatusCode(WSBuiltInKeywords.groovy:344)
	at com.kms.katalon.core.webservice.keyword.WSBuiltInKeywords$verifyResponseStatusCode$0.call(Unknown Source)
	at TC_ForgotPassword.run(TC_ForgotPassword:23)
	at com.kms.katalon.core.main.ScriptEngine.run(ScriptEngine.java:194)
	at com.kms.katalon.core.main.ScriptEngine.runScriptAsRawText(ScriptEngine.java:119)
	at com.kms.katalon.core.main.TestCaseExecutor.runScript(TestCaseExecutor.java:445)
	at com.kms.katalon.core.main.TestCaseExecutor.doExecute(TestCaseExecutor.java:436)
	at com.kms.katalon.core.main.TestCaseExecutor.processExecutionPhase(TestCaseExecutor.java:415)
	at com.kms.katalon.core.main.TestCaseExecutor.accessMainPhase(TestCaseExecutor.java:407)
	at com.kms.katalon.core.main.TestCaseExecutor.execute(TestCaseExecutor.java:284)
	at com.kms.katalon.core.common.CommonExecutor.accessTestCaseMainPhase(CommonExecutor.java:65)
	at com.kms.katalon.core.main.TestSuiteExecutor.accessTestSuiteMainPhase(TestSuiteExecutor.java:144)
	at com.kms.katalon.core.main.TestSuiteExecutor.execute(TestSuiteExecutor.java:106)
	at com.kms.katalon.core.main.TestCaseMain.startTestSuite(TestCaseMain.java:185)
	at com.kms.katalon.core.main.TestCaseMain$startTestSuite$0.call(Unknown Source)
	at TempTestSuite1671614103083.run(TempTestSuite1671614103083.groovy:36)
"/>
         <system-out><![CDATA[2022-12-21 16:15:34 - [TEST_CASE][FAILED] - Test Cases/Auth/TC_ForgotPassword: Test Cases/Auth/TC_ForgotPassword FAILED.
Reason:
com.kms.katalon.core.exception.StepFailedException: Expected status code is '200' but actual status code is '500'
	at com.kms.katalon.core.keyword.internal.KeywordMain.stepFailed(KeywordMain.groovy:50)
	at com.kms.katalon.core.webservice.keyword.builtin.VerifyResponseStatusCodeKeyword.verifyStatusCode(VerifyResponseStatusCodeKeyword.groovy:52)
	at com.kms.katalon.core.webservice.keyword.builtin.VerifyResponseStatusCodeKeyword.access$1(VerifyResponseStatusCodeKeyword.groovy)
	at com.kms.katalon.core.webservice.keyword.builtin.VerifyResponseStatusCodeKeyword$_verifyResponseStatusCode_closure1.doCall(VerifyResponseStatusCodeKeyword.groovy:42)
	at com.kms.katalon.core.webservice.keyword.builtin.VerifyResponseStatusCodeKeyword$_verifyResponseStatusCode_closure1.call(VerifyResponseStatusCodeKeyword.groovy)
	at com.kms.katalon.core.keyword.internal.KeywordMain.runKeyword(KeywordMain.groovy:74)
	at com.kms.katalon.core.webservice.keyword.builtin.VerifyResponseStatusCodeKeyword.verifyResponseStatusCode(VerifyResponseStatusCodeKeyword.groovy:37)
	at com.kms.katalon.core.webservice.keyword.builtin.VerifyResponseStatusCodeKeyword.execute(VerifyResponseStatusCodeKeyword.groovy:32)
	at com.kms.katalon.core.keyword.internal.KeywordExecutor.executeKeywordForPlatform(KeywordExecutor.groovy:74)
	at com.kms.katalon.core.webservice.keyword.WSBuiltInKeywords.verifyResponseStatusCode(WSBuiltInKeywords.groovy:344)
	at com.kms.katalon.core.webservice.keyword.WSBuiltInKeywords$verifyResponseStatusCode$0.call(Unknown Source)
	at TC_ForgotPassword.run(TC_ForgotPassword:23)
	at com.kms.katalon.core.main.ScriptEngine.run(ScriptEngine.java:194)
	at com.kms.katalon.core.main.ScriptEngine.runScriptAsRawText(ScriptEngine.java:119)
	at com.kms.katalon.core.main.TestCaseExecutor.runScript(TestCaseExecutor.java:445)
	at com.kms.katalon.core.main.TestCaseExecutor.doExecute(TestCaseExecutor.java:436)
	at com.kms.katalon.core.main.TestCaseExecutor.processExecutionPhase(TestCaseExecutor.java:415)
	at com.kms.katalon.core.main.TestCaseExecutor.accessMainPhase(TestCaseExecutor.java:407)
	at com.kms.katalon.core.main.TestCaseExecutor.execute(TestCaseExecutor.java:284)
	at com.kms.katalon.core.common.CommonExecutor.accessTestCaseMainPhase(CommonExecutor.java:65)
	at com.kms.katalon.core.main.TestSuiteExecutor.accessTestSuiteMainPhase(TestSuiteExecutor.java:144)
	at com.kms.katalon.core.main.TestSuiteExecutor.execute(TestSuiteExecutor.java:106)
	at com.kms.katalon.core.main.TestCaseMain.startTestSuite(TestCaseMain.java:185)
	at com.kms.katalon.core.main.TestCaseMain$startTestSuite$0.call(Unknown Source)
	at TempTestSuite1671614103083.run(TempTestSuite1671614103083.groovy:36)


2022-12-21 16:15:34 - [TEST_STEP][PASSED] - response = sendRequest(findTestObject("AUTH/Forgot Password/User reset password"), CONTINUE_ON_FAILURE): Send request successfully

2022-12-21 16:15:36 - [MESSAGE][INFO] - HAR: E:\SEMESTER 7\MBKM\Capstone Project\CICD\API\Terbaru\Baru2\CapstoneWorkfitAPI\Reports\20221221_161503\Regression\Regression2\20221221_161503\requests\main\21.har

2022-12-21 16:15:36 - [MESSAGE][PASSED] - Send request successfully

2022-12-21 16:15:36 - [TEST_STEP][FAILED] - verifyResponseStatusCode(response, 200): Unable to verify response status code (Root cause: com.kms.katalon.core.exception.StepFailedException: Expected status code is '200' but actual status code is '500'
	at com.kms.katalon.core.keyword.internal.KeywordMain.stepFailed(KeywordMain.groovy:50)
	at com.kms.katalon.core.webservice.keyword.builtin.VerifyResponseStatusCodeKeyword.verifyStatusCode(VerifyResponseStatusCodeKeyword.groovy:52)
	at com.kms.katalon.core.webservice.keyword.builtin.VerifyResponseStatusCodeKeyword.access$1(VerifyResponseStatusCodeKeyword.groovy)
	at com.kms.katalon.core.webservice.keyword.builtin.VerifyResponseStatusCodeKeyword$_verifyResponseStatusCode_closure1.doCall(VerifyResponseStatusCodeKeyword.groovy:42)
	at com.kms.katalon.core.webservice.keyword.builtin.VerifyResponseStatusCodeKeyword$_verifyResponseStatusCode_closure1.call(VerifyResponseStatusCodeKeyword.groovy)
	at com.kms.katalon.core.keyword.internal.KeywordMain.runKeyword(KeywordMain.groovy:74)
	at com.kms.katalon.core.webservice.keyword.builtin.VerifyResponseStatusCodeKeyword.verifyResponseStatusCode(VerifyResponseStatusCodeKeyword.groovy:37)
	at com.kms.katalon.core.webservice.keyword.builtin.VerifyResponseStatusCodeKeyword.execute(VerifyResponseStatusCodeKeyword.groovy:32)
	at com.kms.katalon.core.keyword.internal.KeywordExecutor.executeKeywordForPlatform(KeywordExecutor.groovy:74)
	at com.kms.katalon.core.webservice.keyword.WSBuiltInKeywords.verifyResponseStatusCode(WSBuiltInKeywords.groovy:344)
	at com.kms.katalon.core.webservice.keyword.WSBuiltInKeywords$verifyResponseStatusCode$0.call(Unknown Source)
	at TC_ForgotPassword.run(TC_ForgotPassword:23)
	at com.kms.katalon.core.main.ScriptEngine.run(ScriptEngine.java:194)
	at com.kms.katalon.core.main.ScriptEngine.runScriptAsRawText(ScriptEngine.java:119)
	at com.kms.katalon.core.main.TestCaseExecutor.runScript(TestCaseExecutor.java:445)
	at com.kms.katalon.core.main.TestCaseExecutor.doExecute(TestCaseExecutor.java:436)
	at com.kms.katalon.core.main.TestCaseExecutor.processExecutionPhase(TestCaseExecutor.java:415)
	at com.kms.katalon.core.main.TestCaseExecutor.accessMainPhase(TestCaseExecutor.java:407)
	at com.kms.katalon.core.main.TestCaseExecutor.execute(TestCaseExecutor.java:284)
	at com.kms.katalon.core.common.CommonExecutor.accessTestCaseMainPhase(CommonExecutor.java:65)
	at com.kms.katalon.core.main.TestSuiteExecutor.accessTestSuiteMainPhase(TestSuiteExecutor.java:144)
	at com.kms.katalon.core.main.TestSuiteExecutor.execute(TestSuiteExecutor.java:106)
	at com.kms.katalon.core.main.TestCaseMain.startTestSuite(TestCaseMain.java:185)
	at com.kms.katalon.core.main.TestCaseMain$startTestSuite$0.call(Unknown Source)
	at TempTestSuite1671614103083.run(TempTestSuite1671614103083.groovy:36)
)

2022-12-21 16:15:36 - [MESSAGE][FAILED] - Expected status code is '200' but actual status code is '500'

2022-12-21 16:15:36 - [MESSAGE][FAILED] - Unable to verify response status code (Root cause: com.kms.katalon.core.exception.StepFailedException: Expected status code is '200' but actual status code is '500'
	at com.kms.katalon.core.keyword.internal.KeywordMain.stepFailed(KeywordMain.groovy:50)
	at com.kms.katalon.core.webservice.keyword.builtin.VerifyResponseStatusCodeKeyword.verifyStatusCode(VerifyResponseStatusCodeKeyword.groovy:52)
	at com.kms.katalon.core.webservice.keyword.builtin.VerifyResponseStatusCodeKeyword.access$1(VerifyResponseStatusCodeKeyword.groovy)
	at com.kms.katalon.core.webservice.keyword.builtin.VerifyResponseStatusCodeKeyword$_verifyResponseStatusCode_closure1.doCall(VerifyResponseStatusCodeKeyword.groovy:42)
	at com.kms.katalon.core.webservice.keyword.builtin.VerifyResponseStatusCodeKeyword$_verifyResponseStatusCode_closure1.call(VerifyResponseStatusCodeKeyword.groovy)
	at com.kms.katalon.core.keyword.internal.KeywordMain.runKeyword(KeywordMain.groovy:74)
	at com.kms.katalon.core.webservice.keyword.builtin.VerifyResponseStatusCodeKeyword.verifyResponseStatusCode(VerifyResponseStatusCodeKeyword.groovy:37)
	at com.kms.katalon.core.webservice.keyword.builtin.VerifyResponseStatusCodeKeyword.execute(VerifyResponseStatusCodeKeyword.groovy:32)
	at com.kms.katalon.core.keyword.internal.KeywordExecutor.executeKeywordForPlatform(KeywordExecutor.groovy:74)
	at com.kms.katalon.core.webservice.keyword.WSBuiltInKeywords.verifyResponseStatusCode(WSBuiltInKeywords.groovy:344)
	at com.kms.katalon.core.webservice.keyword.WSBuiltInKeywords$verifyResponseStatusCode$0.call(Unknown Source)
	at TC_ForgotPassword.run(TC_ForgotPassword:23)
	at com.kms.katalon.core.main.ScriptEngine.run(ScriptEngine.java:194)
	at com.kms.katalon.core.main.ScriptEngine.runScriptAsRawText(ScriptEngine.java:119)
	at com.kms.katalon.core.main.TestCaseExecutor.runScript(TestCaseExecutor.java:445)
	at com.kms.katalon.core.main.TestCaseExecutor.doExecute(TestCaseExecutor.java:436)
	at com.kms.katalon.core.main.TestCaseExecutor.processExecutionPhase(TestCaseExecutor.java:415)
	at com.kms.katalon.core.main.TestCaseExecutor.accessMainPhase(TestCaseExecutor.java:407)
	at com.kms.katalon.core.main.TestCaseExecutor.execute(TestCaseExecutor.java:284)
	at com.kms.katalon.core.common.CommonExecutor.accessTestCaseMainPhase(CommonExecutor.java:65)
	at com.kms.katalon.core.main.TestSuiteExecutor.accessTestSuiteMainPhase(TestSuiteExecutor.java:144)
	at com.kms.katalon.core.main.TestSuiteExecutor.execute(TestSuiteExecutor.java:106)
	at com.kms.katalon.core.main.TestCaseMain.startTestSuite(TestCaseMain.java:185)
	at com.kms.katalon.core.main.TestCaseMain$startTestSuite$0.call(Unknown Source)
	at TempTestSuite1671614103083.run(TempTestSuite1671614103083.groovy:36)
)]]></system-out>
         <system-err><![CDATA[2022-12-21 16:15:34 - [TEST_CASE][FAILED] - Test Cases/Auth/TC_ForgotPassword: Test Cases/Auth/TC_ForgotPassword FAILED.
Reason:
com.kms.katalon.core.exception.StepFailedException: Expected status code is '200' but actual status code is '500'
	at com.kms.katalon.core.keyword.internal.KeywordMain.stepFailed(KeywordMain.groovy:50)
	at com.kms.katalon.core.webservice.keyword.builtin.VerifyResponseStatusCodeKeyword.verifyStatusCode(VerifyResponseStatusCodeKeyword.groovy:52)
	at com.kms.katalon.core.webservice.keyword.builtin.VerifyResponseStatusCodeKeyword.access$1(VerifyResponseStatusCodeKeyword.groovy)
	at com.kms.katalon.core.webservice.keyword.builtin.VerifyResponseStatusCodeKeyword$_verifyResponseStatusCode_closure1.doCall(VerifyResponseStatusCodeKeyword.groovy:42)
	at com.kms.katalon.core.webservice.keyword.builtin.VerifyResponseStatusCodeKeyword$_verifyResponseStatusCode_closure1.call(VerifyResponseStatusCodeKeyword.groovy)
	at com.kms.katalon.core.keyword.internal.KeywordMain.runKeyword(KeywordMain.groovy:74)
	at com.kms.katalon.core.webservice.keyword.builtin.VerifyResponseStatusCodeKeyword.verifyResponseStatusCode(VerifyResponseStatusCodeKeyword.groovy:37)
	at com.kms.katalon.core.webservice.keyword.builtin.VerifyResponseStatusCodeKeyword.execute(VerifyResponseStatusCodeKeyword.groovy:32)
	at com.kms.katalon.core.keyword.internal.KeywordExecutor.executeKeywordForPlatform(KeywordExecutor.groovy:74)
	at com.kms.katalon.core.webservice.keyword.WSBuiltInKeywords.verifyResponseStatusCode(WSBuiltInKeywords.groovy:344)
	at com.kms.katalon.core.webservice.keyword.WSBuiltInKeywords$verifyResponseStatusCode$0.call(Unknown Source)
	at TC_ForgotPassword.run(TC_ForgotPassword:23)
	at com.kms.katalon.core.main.ScriptEngine.run(ScriptEngine.java:194)
	at com.kms.katalon.core.main.ScriptEngine.runScriptAsRawText(ScriptEngine.java:119)
	at com.kms.katalon.core.main.TestCaseExecutor.runScript(TestCaseExecutor.java:445)
	at com.kms.katalon.core.main.TestCaseExecutor.doExecute(TestCaseExecutor.java:436)
	at com.kms.katalon.core.main.TestCaseExecutor.processExecutionPhase(TestCaseExecutor.java:415)
	at com.kms.katalon.core.main.TestCaseExecutor.accessMainPhase(TestCaseExecutor.java:407)
	at com.kms.katalon.core.main.TestCaseExecutor.execute(TestCaseExecutor.java:284)
	at com.kms.katalon.core.common.CommonExecutor.accessTestCaseMainPhase(CommonExecutor.java:65)
	at com.kms.katalon.core.main.TestSuiteExecutor.accessTestSuiteMainPhase(TestSuiteExecutor.java:144)
	at com.kms.katalon.core.main.TestSuiteExecutor.execute(TestSuiteExecutor.java:106)
	at com.kms.katalon.core.main.TestCaseMain.startTestSuite(TestCaseMain.java:185)
	at com.kms.katalon.core.main.TestCaseMain$startTestSuite$0.call(Unknown Source)
	at TempTestSuite1671614103083.run(TempTestSuite1671614103083.groovy:36)]]></system-err>
      </testcase>
      <testcase name="Test Cases/Auth/TC_sendOTP" time="3.237" classname="Test Cases/Auth/TC_sendOTP" status="PASSED">
         <system-out><![CDATA[2022-12-21 16:15:36 - [TEST_CASE][PASSED] - Test Cases/Auth/TC_sendOTP: Test Cases/Auth/TC_sendOTP

2022-12-21 16:15:36 - [TEST_STEP][PASSED] - response = sendRequest(findTestObject("AUTH/Send-OTP/Send-OTP with valid email"), CONTINUE_ON_FAILURE): Send request successfully

2022-12-21 16:15:36 - [MESSAGE][INFO] - HAR: E:\SEMESTER 7\MBKM\Capstone Project\CICD\API\Terbaru\Baru2\CapstoneWorkfitAPI\Reports\20221221_161503\Regression\Regression2\20221221_161503\requests\main\22.har

2022-12-21 16:15:36 - [MESSAGE][PASSED] - Send request successfully

2022-12-21 16:15:36 - [TEST_STEP][PASSED] - verifyResponseStatusCode(response, statusCode200): Verify response status code successfully

2022-12-21 16:15:36 - [MESSAGE][PASSED] - Verify response status code successfully

2022-12-21 16:15:36 - [TEST_STEP][PASSED] - response = sendRequest(findTestObject("AUTH/Send-OTP/Send-OTP with invalid email")): Send request successfully

2022-12-21 16:15:37 - [MESSAGE][INFO] - HAR: E:\SEMESTER 7\MBKM\Capstone Project\CICD\API\Terbaru\Baru2\CapstoneWorkfitAPI\Reports\20221221_161503\Regression\Regression2\20221221_161503\requests\main\23.har

2022-12-21 16:15:37 - [MESSAGE][PASSED] - Send request successfully

2022-12-21 16:15:37 - [TEST_STEP][PASSED] - verifyResponseStatusCode(response, statusCode404): Verify response status code successfully

2022-12-21 16:15:37 - [MESSAGE][PASSED] - Verify response status code successfully

2022-12-21 16:15:37 - [TEST_STEP][PASSED] - response = sendRequest(findTestObject("AUTH/Send-OTP/Send-OTP with null email")): Send request successfully

2022-12-21 16:15:37 - [MESSAGE][INFO] - HAR: E:\SEMESTER 7\MBKM\Capstone Project\CICD\API\Terbaru\Baru2\CapstoneWorkfitAPI\Reports\20221221_161503\Regression\Regression2\20221221_161503\requests\main\24.har

2022-12-21 16:15:37 - [MESSAGE][PASSED] - Send request successfully

2022-12-21 16:15:37 - [TEST_STEP][PASSED] - verifyResponseStatusCode(response, statusCode404): Verify response status code successfully

2022-12-21 16:15:37 - [MESSAGE][PASSED] - Verify response status code successfully

2022-12-21 16:15:37 - [TEST_STEP][PASSED] - response = sendRequest(findTestObject("AUTH/Send-OTP/try with GET method")): Send request successfully

2022-12-21 16:15:38 - [MESSAGE][INFO] - HAR: E:\SEMESTER 7\MBKM\Capstone Project\CICD\API\Terbaru\Baru2\CapstoneWorkfitAPI\Reports\20221221_161503\Regression\Regression2\20221221_161503\requests\main\25.har

2022-12-21 16:15:38 - [MESSAGE][PASSED] - Send request successfully

2022-12-21 16:15:38 - [TEST_STEP][PASSED] - verifyResponseStatusCode(response, statusCode404): Verify response status code successfully

2022-12-21 16:15:38 - [MESSAGE][PASSED] - Verify response status code successfully

2022-12-21 16:15:38 - [TEST_STEP][PASSED] - response = sendRequest(findTestObject("AUTH/Send-OTP/try with PATCH method")): Send request successfully

2022-12-21 16:15:38 - [MESSAGE][INFO] - HAR: E:\SEMESTER 7\MBKM\Capstone Project\CICD\API\Terbaru\Baru2\CapstoneWorkfitAPI\Reports\20221221_161503\Regression\Regression2\20221221_161503\requests\main\26.har

2022-12-21 16:15:38 - [MESSAGE][PASSED] - Send request successfully

2022-12-21 16:15:38 - [TEST_STEP][PASSED] - verifyResponseStatusCode(response, statusCode404): Verify response status code successfully

2022-12-21 16:15:38 - [MESSAGE][PASSED] - Verify response status code successfully

2022-12-21 16:15:38 - [TEST_STEP][PASSED] - response = sendRequest(findTestObject("AUTH/Send-OTP/try with PUT method")): Send request successfully

2022-12-21 16:15:39 - [MESSAGE][INFO] - HAR: E:\SEMESTER 7\MBKM\Capstone Project\CICD\API\Terbaru\Baru2\CapstoneWorkfitAPI\Reports\20221221_161503\Regression\Regression2\20221221_161503\requests\main\27.har

2022-12-21 16:15:39 - [MESSAGE][PASSED] - Send request successfully

2022-12-21 16:15:39 - [TEST_STEP][PASSED] - verifyResponseStatusCode(response, statusCode404): Verify response status code successfully

2022-12-21 16:15:39 - [MESSAGE][PASSED] - Verify response status code successfully]]></system-out>
         <system-err><![CDATA[]]></system-err>
      </testcase>
      <testcase name="Test Cases/Membership/List of membership/TC_ListofMember" time="3.056" classname="Test Cases/Membership/List of membership/TC_ListofMember" status="PASSED">
         <system-out><![CDATA[2022-12-21 16:15:39 - [TEST_CASE][PASSED] - Test Cases/Membership/List of membership/TC_ListofMember: Test Cases/Membership/List of membership/TC_ListofMember

2022-12-21 16:15:39 - [TEST_STEP][PASSED] - response = sendRequest(findTestObject("AUTH/Login/Login with valid"), CONTINUE_ON_FAILURE): Send request successfully

2022-12-21 16:15:40 - [MESSAGE][INFO] - HAR: E:\SEMESTER 7\MBKM\Capstone Project\CICD\API\Terbaru\Baru2\CapstoneWorkfitAPI\Reports\20221221_161503\Regression\Regression2\20221221_161503\requests\main\28.har

2022-12-21 16:15:40 - [MESSAGE][PASSED] - Send request successfully

2022-12-21 16:15:40 - [TEST_STEP][PASSED] - verifyResponseStatusCode(response, 200): Verify response status code successfully

2022-12-21 16:15:40 - [MESSAGE][PASSED] - Verify response status code successfully

2022-12-21 16:15:40 - [TEST_STEP][PASSED] - slurper = new groovy.json.JsonSlurper(): null

2022-12-21 16:15:40 - [TEST_STEP][PASSED] - parsedJson = slurper.parseText(response.getResponseText()): null

2022-12-21 16:15:40 - [TEST_STEP][PASSED] - Token = access_token: null

2022-12-21 16:15:40 - [TEST_STEP][PASSED] - globalVar = Token: null

2022-12-21 16:15:40 - [TEST_STEP][PASSED] - response = sendRequest(findTestObject("Membership/List Of Membership/see list membership with Valid Token"), CONTINUE_ON_FAILURE): Send request successfully

2022-12-21 16:15:40 - [MESSAGE][INFO] - HAR: E:\SEMESTER 7\MBKM\Capstone Project\CICD\API\Terbaru\Baru2\CapstoneWorkfitAPI\Reports\20221221_161503\Regression\Regression2\20221221_161503\requests\main\29.har

2022-12-21 16:15:40 - [MESSAGE][PASSED] - Send request successfully

2022-12-21 16:15:40 - [TEST_STEP][PASSED] - verifyResponseStatusCode(response, statusCode200): Verify response status code successfully

2022-12-21 16:15:40 - [MESSAGE][PASSED] - Verify response status code successfully

2022-12-21 16:15:40 - [TEST_STEP][PASSED] - response = sendRequest(findTestObject("Membership/List Of Membership/With PATCH Method")): Send request successfully

2022-12-21 16:15:41 - [MESSAGE][INFO] - HAR: E:\SEMESTER 7\MBKM\Capstone Project\CICD\API\Terbaru\Baru2\CapstoneWorkfitAPI\Reports\20221221_161503\Regression\Regression2\20221221_161503\requests\main\30.har

2022-12-21 16:15:41 - [MESSAGE][PASSED] - Send request successfully

2022-12-21 16:15:41 - [TEST_STEP][PASSED] - verifyResponseStatusCode(response, StatusCode401): Verify response status code successfully

2022-12-21 16:15:41 - [MESSAGE][PASSED] - Verify response status code successfully

2022-12-21 16:15:41 - [TEST_STEP][PASSED] - response = sendRequest(findTestObject("Membership/List Of Membership/With POST Method")): Send request successfully

2022-12-21 16:15:41 - [MESSAGE][INFO] - HAR: E:\SEMESTER 7\MBKM\Capstone Project\CICD\API\Terbaru\Baru2\CapstoneWorkfitAPI\Reports\20221221_161503\Regression\Regression2\20221221_161503\requests\main\31.har

2022-12-21 16:15:41 - [MESSAGE][PASSED] - Send request successfully

2022-12-21 16:15:41 - [TEST_STEP][PASSED] - verifyResponseStatusCode(response, StatusCode401): Verify response status code successfully

2022-12-21 16:15:41 - [MESSAGE][PASSED] - Verify response status code successfully

2022-12-21 16:15:41 - [TEST_STEP][PASSED] - response = sendRequest(findTestObject("Membership/List Of Membership/With PUT Method")): Send request successfully

2022-12-21 16:15:42 - [MESSAGE][INFO] - HAR: E:\SEMESTER 7\MBKM\Capstone Project\CICD\API\Terbaru\Baru2\CapstoneWorkfitAPI\Reports\20221221_161503\Regression\Regression2\20221221_161503\requests\main\32.har

2022-12-21 16:15:42 - [MESSAGE][PASSED] - Send request successfully

2022-12-21 16:15:42 - [TEST_STEP][PASSED] - verifyResponseStatusCode(response, statusCode405): Verify response status code successfully

2022-12-21 16:15:42 - [MESSAGE][PASSED] - Verify response status code successfully]]></system-out>
         <system-err><![CDATA[]]></system-err>
      </testcase>
      <testcase name="Test Cases/Membership/Update a membership email/TC_Update a membership email" time="1.654" classname="Test Cases/Membership/Update a membership email/TC_Update a membership email" status="PASSED">
         <system-out><![CDATA[2022-12-21 16:15:42 - [TEST_CASE][PASSED] - Test Cases/Membership/Update a membership email/TC_Update a membership email: Test Cases/Membership/Update a membership email/TC_Update a membership email

2022-12-21 16:15:42 - [TEST_STEP][PASSED] - response = sendRequest(findTestObject("AUTH/Login/Login with valid"), CONTINUE_ON_FAILURE): Send request successfully

2022-12-21 16:15:43 - [MESSAGE][INFO] - HAR: E:\SEMESTER 7\MBKM\Capstone Project\CICD\API\Terbaru\Baru2\CapstoneWorkfitAPI\Reports\20221221_161503\Regression\Regression2\20221221_161503\requests\main\33.har

2022-12-21 16:15:43 - [MESSAGE][PASSED] - Send request successfully

2022-12-21 16:15:43 - [TEST_STEP][PASSED] - verifyResponseStatusCode(response, 200): Verify response status code successfully

2022-12-21 16:15:43 - [MESSAGE][PASSED] - Verify response status code successfully

2022-12-21 16:15:43 - [TEST_STEP][PASSED] - slurper = new groovy.json.JsonSlurper(): null

2022-12-21 16:15:43 - [TEST_STEP][PASSED] - parsedJson = slurper.parseText(response.getResponseText()): null

2022-12-21 16:15:43 - [TEST_STEP][PASSED] - Token = access_token: null

2022-12-21 16:15:43 - [TEST_STEP][PASSED] - globalVar = Token: null

2022-12-21 16:15:43 - [TEST_STEP][PASSED] - response = sendRequest(findTestObject("Membership/Update membership/Update with valid input"), CONTINUE_ON_FAILURE): Send request successfully

2022-12-21 16:15:44 - [MESSAGE][INFO] - HAR: E:\SEMESTER 7\MBKM\Capstone Project\CICD\API\Terbaru\Baru2\CapstoneWorkfitAPI\Reports\20221221_161503\Regression\Regression2\20221221_161503\requests\main\34.har

2022-12-21 16:15:44 - [MESSAGE][PASSED] - Send request successfully

2022-12-21 16:15:44 - [TEST_STEP][PASSED] - verifyResponseStatusCode(response, StatusCode201): Verify response status code successfully

2022-12-21 16:15:44 - [MESSAGE][PASSED] - Verify response status code successfully]]></system-out>
         <system-err><![CDATA[]]></system-err>
      </testcase>
      <testcase name="Test Cases/Membership/Update Membership/TC_UpdateMember" time="2.608" classname="Test Cases/Membership/Update Membership/TC_UpdateMember" status="PASSED">
         <system-out><![CDATA[2022-12-21 16:15:44 - [TEST_CASE][PASSED] - Test Cases/Membership/Update Membership/TC_UpdateMember: Test Cases/Membership/Update Membership/TC_UpdateMember

2022-12-21 16:15:44 - [TEST_STEP][PASSED] - response = sendRequest(findTestObject("AUTH/Login/Login with valid"), CONTINUE_ON_FAILURE): Send request successfully

2022-12-21 16:15:44 - [MESSAGE][INFO] - HAR: E:\SEMESTER 7\MBKM\Capstone Project\CICD\API\Terbaru\Baru2\CapstoneWorkfitAPI\Reports\20221221_161503\Regression\Regression2\20221221_161503\requests\main\35.har

2022-12-21 16:15:44 - [MESSAGE][PASSED] - Send request successfully

2022-12-21 16:15:44 - [TEST_STEP][PASSED] - verifyResponseStatusCode(response, 200): Verify response status code successfully

2022-12-21 16:15:44 - [MESSAGE][PASSED] - Verify response status code successfully

2022-12-21 16:15:44 - [TEST_STEP][PASSED] - slurper = new groovy.json.JsonSlurper(): null

2022-12-21 16:15:44 - [TEST_STEP][PASSED] - parsedJson = slurper.parseText(response.getResponseText()): null

2022-12-21 16:15:44 - [TEST_STEP][PASSED] - Token = access_token: null

2022-12-21 16:15:44 - [TEST_STEP][PASSED] - globalVar = Token: null

2022-12-21 16:15:44 - [TEST_STEP][PASSED] - response = sendRequest(findTestObject("Membership/Update membership/Update with valid input"), CONTINUE_ON_FAILURE): Send request successfully

2022-12-21 16:15:45 - [MESSAGE][INFO] - HAR: E:\SEMESTER 7\MBKM\Capstone Project\CICD\API\Terbaru\Baru2\CapstoneWorkfitAPI\Reports\20221221_161503\Regression\Regression2\20221221_161503\requests\main\36.har

2022-12-21 16:15:45 - [MESSAGE][PASSED] - Send request successfully

2022-12-21 16:15:45 - [TEST_STEP][PASSED] - verifyResponseStatusCode(response, StatusCode201): Verify response status code successfully

2022-12-21 16:15:45 - [MESSAGE][PASSED] - Verify response status code successfully

2022-12-21 16:15:45 - [TEST_STEP][PASSED] - response = sendRequest(findTestObject("Membership/Update membership/Update with null input")): Send request successfully

2022-12-21 16:15:45 - [MESSAGE][INFO] - HAR: E:\SEMESTER 7\MBKM\Capstone Project\CICD\API\Terbaru\Baru2\CapstoneWorkfitAPI\Reports\20221221_161503\Regression\Regression2\20221221_161503\requests\main\37.har

2022-12-21 16:15:45 - [MESSAGE][PASSED] - Send request successfully

2022-12-21 16:15:45 - [TEST_STEP][PASSED] - verifyResponseStatusCode(response, StatusCode401): Verify response status code successfully

2022-12-21 16:15:45 - [MESSAGE][PASSED] - Verify response status code successfully

2022-12-21 16:15:45 - [TEST_STEP][PASSED] - response = sendRequest(findTestObject("Membership/Update membership/With POST Method")): Send request successfully

2022-12-21 16:15:46 - [MESSAGE][INFO] - HAR: E:\SEMESTER 7\MBKM\Capstone Project\CICD\API\Terbaru\Baru2\CapstoneWorkfitAPI\Reports\20221221_161503\Regression\Regression2\20221221_161503\requests\main\38.har

2022-12-21 16:15:46 - [MESSAGE][PASSED] - Send request successfully

2022-12-21 16:15:46 - [TEST_STEP][PASSED] - verifyResponseStatusCode(response, StatusCode401): Verify response status code successfully

2022-12-21 16:15:46 - [MESSAGE][PASSED] - Verify response status code successfully

2022-12-21 16:15:46 - [TEST_STEP][PASSED] - response = sendRequest(findTestObject("Membership/Update membership/With PUT Method")): Send request successfully

2022-12-21 16:15:46 - [MESSAGE][INFO] - HAR: E:\SEMESTER 7\MBKM\Capstone Project\CICD\API\Terbaru\Baru2\CapstoneWorkfitAPI\Reports\20221221_161503\Regression\Regression2\20221221_161503\requests\main\39.har

2022-12-21 16:15:46 - [MESSAGE][PASSED] - Send request successfully

2022-12-21 16:15:46 - [TEST_STEP][PASSED] - verifyResponseStatusCode(response, statusCode405): Verify response status code successfully

2022-12-21 16:15:46 - [MESSAGE][PASSED] - Verify response status code successfully]]></system-out>
         <system-err><![CDATA[]]></system-err>
      </testcase>
      <testcase name="Test Cases/Booking/Offline Class/TC_Create" time="2.68" classname="Test Cases/Booking/Offline Class/TC_Create" status="PASSED">
         <system-out><![CDATA[2022-12-21 16:15:46 - [TEST_CASE][PASSED] - Test Cases/Booking/Offline Class/TC_Create: Test Cases/Booking/Offline Class/TC_Create

2022-12-21 16:15:46 - [TEST_STEP][PASSED] - response = sendRequest(findTestObject("AUTH/Login/Login with valid"), CONTINUE_ON_FAILURE): Send request successfully

2022-12-21 16:15:47 - [MESSAGE][INFO] - HAR: E:\SEMESTER 7\MBKM\Capstone Project\CICD\API\Terbaru\Baru2\CapstoneWorkfitAPI\Reports\20221221_161503\Regression\Regression2\20221221_161503\requests\main\40.har

2022-12-21 16:15:47 - [MESSAGE][PASSED] - Send request successfully

2022-12-21 16:15:47 - [TEST_STEP][PASSED] - verifyResponseStatusCode(response, 200): Verify response status code successfully

2022-12-21 16:15:47 - [MESSAGE][PASSED] - Verify response status code successfully

2022-12-21 16:15:47 - [TEST_STEP][PASSED] - slurper = new groovy.json.JsonSlurper(): null

2022-12-21 16:15:47 - [TEST_STEP][PASSED] - parsedJson = slurper.parseText(response.getResponseText()): null

2022-12-21 16:15:47 - [TEST_STEP][PASSED] - Token = access_token: null

2022-12-21 16:15:47 - [TEST_STEP][PASSED] - globalVar = Token: null

2022-12-21 16:15:47 - [TEST_STEP][PASSED] - response = sendRequest(findTestObject("Booking/Offline Book/create book online/Create class with valid input"), CONTINUE_ON_FAILURE): Send request successfully

2022-12-21 16:15:47 - [MESSAGE][INFO] - HAR: E:\SEMESTER 7\MBKM\Capstone Project\CICD\API\Terbaru\Baru2\CapstoneWorkfitAPI\Reports\20221221_161503\Regression\Regression2\20221221_161503\requests\main\41.har

2022-12-21 16:15:47 - [MESSAGE][PASSED] - Send request successfully

2022-12-21 16:15:47 - [TEST_STEP][PASSED] - verifyResponseStatusCode(response, StatusCode201): Verify response status code successfully

2022-12-21 16:15:47 - [MESSAGE][PASSED] - Verify response status code successfully

2022-12-21 16:15:47 - [TEST_STEP][PASSED] - response = sendRequest(findTestObject("Booking/Offline Book/create book online/Create with invalid input")): Send request successfully

2022-12-21 16:15:48 - [MESSAGE][INFO] - HAR: E:\SEMESTER 7\MBKM\Capstone Project\CICD\API\Terbaru\Baru2\CapstoneWorkfitAPI\Reports\20221221_161503\Regression\Regression2\20221221_161503\requests\main\42.har

2022-12-21 16:15:48 - [MESSAGE][PASSED] - Send request successfully

2022-12-21 16:15:48 - [TEST_STEP][PASSED] - verifyResponseStatusCode(response, StatusCode401): Verify response status code successfully

2022-12-21 16:15:48 - [MESSAGE][PASSED] - Verify response status code successfully

2022-12-21 16:15:48 - [TEST_STEP][PASSED] - response = sendRequest(findTestObject("Booking/Offline Book/create book online/Create with invalid Token")): Send request successfully

2022-12-21 16:15:48 - [MESSAGE][INFO] - HAR: E:\SEMESTER 7\MBKM\Capstone Project\CICD\API\Terbaru\Baru2\CapstoneWorkfitAPI\Reports\20221221_161503\Regression\Regression2\20221221_161503\requests\main\43.har

2022-12-21 16:15:48 - [MESSAGE][PASSED] - Send request successfully

2022-12-21 16:15:48 - [TEST_STEP][PASSED] - verifyResponseStatusCode(response, StatusCode401): Verify response status code successfully

2022-12-21 16:15:48 - [MESSAGE][PASSED] - Verify response status code successfully

2022-12-21 16:15:48 - [TEST_STEP][PASSED] - response = sendRequest(findTestObject("Booking/Offline Book/create book online/With PATCH Method")): Send request successfully

2022-12-21 16:15:48 - [MESSAGE][INFO] - HAR: E:\SEMESTER 7\MBKM\Capstone Project\CICD\API\Terbaru\Baru2\CapstoneWorkfitAPI\Reports\20221221_161503\Regression\Regression2\20221221_161503\requests\main\44.har

2022-12-21 16:15:48 - [MESSAGE][PASSED] - Send request successfully

2022-12-21 16:15:48 - [TEST_STEP][PASSED] - verifyResponseStatusCode(response, statusCode405): Verify response status code successfully

2022-12-21 16:15:48 - [MESSAGE][PASSED] - Verify response status code successfully

2022-12-21 16:15:48 - [TEST_STEP][PASSED] - response = sendRequest(findTestObject("Booking/Offline Book/create book online/With PUT Method")): Send request successfully

2022-12-21 16:15:49 - [MESSAGE][INFO] - HAR: E:\SEMESTER 7\MBKM\Capstone Project\CICD\API\Terbaru\Baru2\CapstoneWorkfitAPI\Reports\20221221_161503\Regression\Regression2\20221221_161503\requests\main\45.har

2022-12-21 16:15:49 - [MESSAGE][PASSED] - Send request successfully

2022-12-21 16:15:49 - [TEST_STEP][PASSED] - verifyResponseStatusCode(response, statusCode405): Verify response status code successfully

2022-12-21 16:15:49 - [MESSAGE][PASSED] - Verify response status code successfully]]></system-out>
         <system-err><![CDATA[]]></system-err>
      </testcase>
      <testcase name="Test Cases/Booking/Offline Class/TC_GetAllClass" time="1.912" classname="Test Cases/Booking/Offline Class/TC_GetAllClass" status="PASSED">
         <system-out><![CDATA[2022-12-21 16:15:49 - [TEST_CASE][PASSED] - Test Cases/Booking/Offline Class/TC_GetAllClass: Test Cases/Booking/Offline Class/TC_GetAllClass

2022-12-21 16:15:49 - [TEST_STEP][PASSED] - response = sendRequest(findTestObject("Booking/Offline Book/See all boking class/get all booking class"), CONTINUE_ON_FAILURE): Send request successfully

2022-12-21 16:15:50 - [MESSAGE][INFO] - HAR: E:\SEMESTER 7\MBKM\Capstone Project\CICD\API\Terbaru\Baru2\CapstoneWorkfitAPI\Reports\20221221_161503\Regression\Regression2\20221221_161503\requests\main\46.har

2022-12-21 16:15:50 - [MESSAGE][PASSED] - Send request successfully

2022-12-21 16:15:50 - [TEST_STEP][PASSED] - verifyResponseStatusCode(response, 200): Verify response status code successfully

2022-12-21 16:15:50 - [MESSAGE][PASSED] - Verify response status code successfully

2022-12-21 16:15:50 - [TEST_STEP][PASSED] - slurper = new groovy.json.JsonSlurper(): null

2022-12-21 16:15:50 - [TEST_STEP][PASSED] - parsedJson = slurper.parseText(response.getResponseText()): null

2022-12-21 16:15:50 - [TEST_STEP][PASSED] - Token = access_token: null

2022-12-21 16:15:50 - [TEST_STEP][PASSED] - globalVar = Token: null

2022-12-21 16:15:50 - [TEST_STEP][PASSED] - response = sendRequest(findTestObject("Booking/Offline Book/See all boking class/With PATCH Method")): Send request successfully

2022-12-21 16:15:50 - [MESSAGE][INFO] - HAR: E:\SEMESTER 7\MBKM\Capstone Project\CICD\API\Terbaru\Baru2\CapstoneWorkfitAPI\Reports\20221221_161503\Regression\Regression2\20221221_161503\requests\main\47.har

2022-12-21 16:15:50 - [MESSAGE][PASSED] - Send request successfully

2022-12-21 16:15:50 - [TEST_STEP][PASSED] - verifyResponseStatusCode(response, statusCode405): Verify response status code successfully

2022-12-21 16:15:50 - [MESSAGE][PASSED] - Verify response status code successfully

2022-12-21 16:15:50 - [TEST_STEP][PASSED] - response = sendRequest(findTestObject("Booking/Offline Book/See all boking class/With POST Method")): Send request successfully

2022-12-21 16:15:50 - [MESSAGE][INFO] - HAR: E:\SEMESTER 7\MBKM\Capstone Project\CICD\API\Terbaru\Baru2\CapstoneWorkfitAPI\Reports\20221221_161503\Regression\Regression2\20221221_161503\requests\main\48.har

2022-12-21 16:15:50 - [MESSAGE][PASSED] - Send request successfully

2022-12-21 16:15:50 - [TEST_STEP][PASSED] - verifyResponseStatusCode(response, StatusCode401): Verify response status code successfully

2022-12-21 16:15:50 - [MESSAGE][PASSED] - Verify response status code successfully

2022-12-21 16:15:50 - [TEST_STEP][PASSED] - response = sendRequest(findTestObject("Booking/Offline Book/See all boking class/With PUT Method")): Send request successfully

2022-12-21 16:15:51 - [MESSAGE][INFO] - HAR: E:\SEMESTER 7\MBKM\Capstone Project\CICD\API\Terbaru\Baru2\CapstoneWorkfitAPI\Reports\20221221_161503\Regression\Regression2\20221221_161503\requests\main\49.har

2022-12-21 16:15:51 - [MESSAGE][PASSED] - Send request successfully

2022-12-21 16:15:51 - [TEST_STEP][PASSED] - verifyResponseStatusCode(response, statusCode405): Verify response status code successfully

2022-12-21 16:15:51 - [MESSAGE][PASSED] - Verify response status code successfully]]></system-out>
         <system-err><![CDATA[]]></system-err>
      </testcase>
      <testcase name="Test Cases/Booking/Offline Class/TC_Update" time="2.964" classname="Test Cases/Booking/Offline Class/TC_Update" status="PASSED">
         <system-out><![CDATA[2022-12-21 16:15:51 - [TEST_CASE][PASSED] - Test Cases/Booking/Offline Class/TC_Update: Test Cases/Booking/Offline Class/TC_Update

2022-12-21 16:15:51 - [TEST_STEP][PASSED] - response = sendRequest(findTestObject("AUTH/Login/Login with valid"), CONTINUE_ON_FAILURE): Send request successfully

2022-12-21 16:15:51 - [MESSAGE][INFO] - HAR: E:\SEMESTER 7\MBKM\Capstone Project\CICD\API\Terbaru\Baru2\CapstoneWorkfitAPI\Reports\20221221_161503\Regression\Regression2\20221221_161503\requests\main\50.har

2022-12-21 16:15:51 - [MESSAGE][PASSED] - Send request successfully

2022-12-21 16:15:51 - [TEST_STEP][PASSED] - verifyResponseStatusCode(response, 200): Verify response status code successfully

2022-12-21 16:15:51 - [MESSAGE][PASSED] - Verify response status code successfully

2022-12-21 16:15:51 - [TEST_STEP][PASSED] - slurper = new groovy.json.JsonSlurper(): null

2022-12-21 16:15:51 - [TEST_STEP][PASSED] - parsedJson = slurper.parseText(response.getResponseText()): null

2022-12-21 16:15:52 - [TEST_STEP][PASSED] - Token = access_token: null

2022-12-21 16:15:52 - [TEST_STEP][PASSED] - globalVar = Token: null

2022-12-21 16:15:52 - [TEST_STEP][PASSED] - response = sendRequest(findTestObject("Booking/Online Book/Update class/Update class with valid input"), CONTINUE_ON_FAILURE): Send request successfully

2022-12-21 16:15:52 - [MESSAGE][INFO] - HAR: E:\SEMESTER 7\MBKM\Capstone Project\CICD\API\Terbaru\Baru2\CapstoneWorkfitAPI\Reports\20221221_161503\Regression\Regression2\20221221_161503\requests\main\51.har

2022-12-21 16:15:52 - [MESSAGE][PASSED] - Send request successfully

2022-12-21 16:15:52 - [TEST_STEP][PASSED] - verifyResponseStatusCode(response, statuscode): Verify response status code successfully

2022-12-21 16:15:52 - [MESSAGE][PASSED] - Verify response status code successfully

2022-12-21 16:15:52 - [TEST_STEP][PASSED] - response = sendRequest(findTestObject("Booking/Online Book/Update class/Update with invalid input")): Send request successfully

2022-12-21 16:15:52 - [MESSAGE][INFO] - HAR: E:\SEMESTER 7\MBKM\Capstone Project\CICD\API\Terbaru\Baru2\CapstoneWorkfitAPI\Reports\20221221_161503\Regression\Regression2\20221221_161503\requests\main\52.har

2022-12-21 16:15:52 - [MESSAGE][PASSED] - Send request successfully

2022-12-21 16:15:52 - [TEST_STEP][PASSED] - verifyResponseStatusCode(response, statusCode405): Verify response status code successfully

2022-12-21 16:15:53 - [MESSAGE][PASSED] - Verify response status code successfully

2022-12-21 16:15:53 - [TEST_STEP][PASSED] - response = sendRequest(findTestObject("Booking/Online Book/Update class/Update with invalid Token")): Send request successfully

2022-12-21 16:15:53 - [MESSAGE][INFO] - HAR: E:\SEMESTER 7\MBKM\Capstone Project\CICD\API\Terbaru\Baru2\CapstoneWorkfitAPI\Reports\20221221_161503\Regression\Regression2\20221221_161503\requests\main\53.har

2022-12-21 16:15:53 - [MESSAGE][PASSED] - Send request successfully

2022-12-21 16:15:53 - [TEST_STEP][PASSED] - verifyResponseStatusCode(response, statusCode405): Verify response status code successfully

2022-12-21 16:15:53 - [MESSAGE][PASSED] - Verify response status code successfully

2022-12-21 16:15:53 - [TEST_STEP][PASSED] - response = sendRequest(findTestObject("Booking/Online Book/Update class/With POST Method")): Send request successfully

2022-12-21 16:15:53 - [MESSAGE][INFO] - HAR: E:\SEMESTER 7\MBKM\Capstone Project\CICD\API\Terbaru\Baru2\CapstoneWorkfitAPI\Reports\20221221_161503\Regression\Regression2\20221221_161503\requests\main\54.har

2022-12-21 16:15:53 - [MESSAGE][PASSED] - Send request successfully

2022-12-21 16:15:53 - [TEST_STEP][PASSED] - verifyResponseStatusCode(response, StatusCode401): Verify response status code successfully

2022-12-21 16:15:53 - [MESSAGE][PASSED] - Verify response status code successfully

2022-12-21 16:15:53 - [TEST_STEP][PASSED] - response = sendRequest(findTestObject("Booking/Online Book/Update class/With PUT Method")): Send request successfully

2022-12-21 16:15:54 - [MESSAGE][INFO] - HAR: E:\SEMESTER 7\MBKM\Capstone Project\CICD\API\Terbaru\Baru2\CapstoneWorkfitAPI\Reports\20221221_161503\Regression\Regression2\20221221_161503\requests\main\55.har

2022-12-21 16:15:54 - [MESSAGE][PASSED] - Send request successfully

2022-12-21 16:15:54 - [TEST_STEP][PASSED] - verifyResponseStatusCode(response, statusCode405): Verify response status code successfully

2022-12-21 16:15:54 - [MESSAGE][PASSED] - Verify response status code successfully]]></system-out>
         <system-err><![CDATA[]]></system-err>
      </testcase>
      <testcase name="Test Cases/Booking/Online Class/TC_Create" time="1.915" classname="Test Cases/Booking/Online Class/TC_Create" status="PASSED">
         <system-out><![CDATA[2022-12-21 16:15:54 - [TEST_CASE][PASSED] - Test Cases/Booking/Online Class/TC_Create: Test Cases/Booking/Online Class/TC_Create

2022-12-21 16:15:54 - [TEST_STEP][PASSED] - response = sendRequest(findTestObject("AUTH/Login/Login with valid"), CONTINUE_ON_FAILURE): Send request successfully

2022-12-21 16:15:54 - [MESSAGE][INFO] - HAR: E:\SEMESTER 7\MBKM\Capstone Project\CICD\API\Terbaru\Baru2\CapstoneWorkfitAPI\Reports\20221221_161503\Regression\Regression2\20221221_161503\requests\main\56.har

2022-12-21 16:15:54 - [MESSAGE][PASSED] - Send request successfully

2022-12-21 16:15:54 - [TEST_STEP][PASSED] - verifyResponseStatusCode(response, 200): Verify response status code successfully

2022-12-21 16:15:54 - [MESSAGE][PASSED] - Verify response status code successfully

2022-12-21 16:15:54 - [TEST_STEP][PASSED] - slurper = new groovy.json.JsonSlurper(): null

2022-12-21 16:15:54 - [TEST_STEP][PASSED] - parsedJson = slurper.parseText(response.getResponseText()): null

2022-12-21 16:15:54 - [TEST_STEP][PASSED] - Token = access_token: null

2022-12-21 16:15:54 - [TEST_STEP][PASSED] - globalVar = Token: null

2022-12-21 16:15:54 - [TEST_STEP][PASSED] - response = sendRequest(findTestObject("Booking/Online Book/create book online/Create class with valid input"), CONTINUE_ON_FAILURE): Send request successfully

2022-12-21 16:15:55 - [MESSAGE][INFO] - HAR: E:\SEMESTER 7\MBKM\Capstone Project\CICD\API\Terbaru\Baru2\CapstoneWorkfitAPI\Reports\20221221_161503\Regression\Regression2\20221221_161503\requests\main\57.har

2022-12-21 16:15:55 - [MESSAGE][PASSED] - Send request successfully

2022-12-21 16:15:55 - [TEST_STEP][PASSED] - verifyResponseStatusCode(response, StatusCode201): Verify response status code successfully

2022-12-21 16:15:55 - [MESSAGE][PASSED] - Verify response status code successfully

2022-12-21 16:15:55 - [TEST_STEP][PASSED] - response = sendRequest(findTestObject("Booking/Online Book/create book online/Create with invalid input")): Send request successfully

2022-12-21 16:15:55 - [MESSAGE][INFO] - HAR: E:\SEMESTER 7\MBKM\Capstone Project\CICD\API\Terbaru\Baru2\CapstoneWorkfitAPI\Reports\20221221_161503\Regression\Regression2\20221221_161503\requests\main\58.har

2022-12-21 16:15:55 - [MESSAGE][PASSED] - Send request successfully

2022-12-21 16:15:55 - [TEST_STEP][PASSED] - verifyResponseStatusCode(response, StatusCode401): Verify response status code successfully

2022-12-21 16:15:55 - [MESSAGE][PASSED] - Verify response status code successfully

2022-12-21 16:15:55 - [TEST_STEP][PASSED] - response = sendRequest(findTestObject("Booking/Online Book/create book online/Create with invalid Token")): Send request successfully

2022-12-21 16:15:56 - [MESSAGE][INFO] - HAR: E:\SEMESTER 7\MBKM\Capstone Project\CICD\API\Terbaru\Baru2\CapstoneWorkfitAPI\Reports\20221221_161503\Regression\Regression2\20221221_161503\requests\main\59.har

2022-12-21 16:15:56 - [MESSAGE][PASSED] - Send request successfully

2022-12-21 16:15:56 - [TEST_STEP][PASSED] - verifyResponseStatusCode(response, StatusCode401): Verify response status code successfully

2022-12-21 16:15:56 - [MESSAGE][PASSED] - Verify response status code successfully]]></system-out>
         <system-err><![CDATA[]]></system-err>
      </testcase>
      <testcase name="Test Cases/Booking/Online Class/TC_GetAllClass" time="2.273" classname="Test Cases/Booking/Online Class/TC_GetAllClass" status="PASSED">
         <system-out><![CDATA[2022-12-21 16:15:56 - [TEST_CASE][PASSED] - Test Cases/Booking/Online Class/TC_GetAllClass: Test Cases/Booking/Online Class/TC_GetAllClass

2022-12-21 16:15:56 - [TEST_STEP][PASSED] - response = sendRequest(findTestObject("AUTH/Login/Login with valid"), CONTINUE_ON_FAILURE): Send request successfully

2022-12-21 16:15:56 - [MESSAGE][INFO] - HAR: E:\SEMESTER 7\MBKM\Capstone Project\CICD\API\Terbaru\Baru2\CapstoneWorkfitAPI\Reports\20221221_161503\Regression\Regression2\20221221_161503\requests\main\60.har

2022-12-21 16:15:56 - [MESSAGE][PASSED] - Send request successfully

2022-12-21 16:15:56 - [TEST_STEP][PASSED] - verifyResponseStatusCode(response, 200): Verify response status code successfully

2022-12-21 16:15:56 - [MESSAGE][PASSED] - Verify response status code successfully

2022-12-21 16:15:56 - [TEST_STEP][PASSED] - slurper = new groovy.json.JsonSlurper(): null

2022-12-21 16:15:56 - [TEST_STEP][PASSED] - parsedJson = slurper.parseText(response.getResponseText()): null

2022-12-21 16:15:56 - [TEST_STEP][PASSED] - Token = access_token: null

2022-12-21 16:15:56 - [TEST_STEP][PASSED] - globalVar = Token: null

2022-12-21 16:15:56 - [TEST_STEP][PASSED] - response = sendRequest(findTestObject("Booking/Online Book/See all boking class/get all booking class"), CONTINUE_ON_FAILURE): Send request successfully

2022-12-21 16:15:57 - [MESSAGE][INFO] - HAR: E:\SEMESTER 7\MBKM\Capstone Project\CICD\API\Terbaru\Baru2\CapstoneWorkfitAPI\Reports\20221221_161503\Regression\Regression2\20221221_161503\requests\main\61.har

2022-12-21 16:15:57 - [MESSAGE][PASSED] - Send request successfully

2022-12-21 16:15:57 - [TEST_STEP][PASSED] - verifyResponseStatusCode(response, 200): Verify response status code successfully

2022-12-21 16:15:57 - [MESSAGE][PASSED] - Verify response status code successfully

2022-12-21 16:15:57 - [TEST_STEP][PASSED] - response = sendRequest(findTestObject("Booking/Online Book/See all boking class/With PATCH Method")): Send request successfully

2022-12-21 16:15:57 - [MESSAGE][INFO] - HAR: E:\SEMESTER 7\MBKM\Capstone Project\CICD\API\Terbaru\Baru2\CapstoneWorkfitAPI\Reports\20221221_161503\Regression\Regression2\20221221_161503\requests\main\62.har

2022-12-21 16:15:57 - [MESSAGE][PASSED] - Send request successfully

2022-12-21 16:15:57 - [TEST_STEP][PASSED] - verifyResponseStatusCode(response, statusCode405): Verify response status code successfully

2022-12-21 16:15:57 - [MESSAGE][PASSED] - Verify response status code successfully

2022-12-21 16:15:57 - [TEST_STEP][PASSED] - response = sendRequest(findTestObject("Booking/Online Book/See all boking class/With POST Method")): Send request successfully

2022-12-21 16:15:58 - [MESSAGE][INFO] - HAR: E:\SEMESTER 7\MBKM\Capstone Project\CICD\API\Terbaru\Baru2\CapstoneWorkfitAPI\Reports\20221221_161503\Regression\Regression2\20221221_161503\requests\main\63.har

2022-12-21 16:15:58 - [MESSAGE][PASSED] - Send request successfully

2022-12-21 16:15:58 - [TEST_STEP][PASSED] - verifyResponseStatusCode(response, StatusCode401): Verify response status code successfully

2022-12-21 16:15:58 - [MESSAGE][PASSED] - Verify response status code successfully

2022-12-21 16:15:58 - [TEST_STEP][PASSED] - response = sendRequest(findTestObject("Booking/Online Book/See all boking class/With PUT Method")): Send request successfully

2022-12-21 16:15:58 - [MESSAGE][INFO] - HAR: E:\SEMESTER 7\MBKM\Capstone Project\CICD\API\Terbaru\Baru2\CapstoneWorkfitAPI\Reports\20221221_161503\Regression\Regression2\20221221_161503\requests\main\64.har

2022-12-21 16:15:58 - [MESSAGE][PASSED] - Send request successfully

2022-12-21 16:15:58 - [TEST_STEP][PASSED] - verifyResponseStatusCode(response, statusCode405): Verify response status code successfully

2022-12-21 16:15:58 - [MESSAGE][PASSED] - Verify response status code successfully]]></system-out>
         <system-err><![CDATA[]]></system-err>
      </testcase>
      <testcase name="Test Cases/Booking/Online Class/TC_Update" time="2.816" classname="Test Cases/Booking/Online Class/TC_Update" status="PASSED">
         <system-out><![CDATA[2022-12-21 16:15:58 - [TEST_CASE][PASSED] - Test Cases/Booking/Online Class/TC_Update: Test Cases/Booking/Online Class/TC_Update

2022-12-21 16:15:58 - [TEST_STEP][PASSED] - response = sendRequest(findTestObject("AUTH/Login/Login with valid"), CONTINUE_ON_FAILURE): Send request successfully

2022-12-21 16:15:59 - [MESSAGE][INFO] - HAR: E:\SEMESTER 7\MBKM\Capstone Project\CICD\API\Terbaru\Baru2\CapstoneWorkfitAPI\Reports\20221221_161503\Regression\Regression2\20221221_161503\requests\main\65.har

2022-12-21 16:15:59 - [MESSAGE][PASSED] - Send request successfully

2022-12-21 16:15:59 - [TEST_STEP][PASSED] - verifyResponseStatusCode(response, 200): Verify response status code successfully

2022-12-21 16:15:59 - [MESSAGE][PASSED] - Verify response status code successfully

2022-12-21 16:15:59 - [TEST_STEP][PASSED] - slurper = new groovy.json.JsonSlurper(): null

2022-12-21 16:15:59 - [TEST_STEP][PASSED] - parsedJson = slurper.parseText(response.getResponseText()): null

2022-12-21 16:15:59 - [TEST_STEP][PASSED] - Token = access_token: null

2022-12-21 16:15:59 - [TEST_STEP][PASSED] - globalVar = Token: null

2022-12-21 16:15:59 - [TEST_STEP][PASSED] - response = sendRequest(findTestObject("Booking/Offline Book/Update class/Update class with valid input"), CONTINUE_ON_FAILURE): Send request successfully

2022-12-21 16:15:59 - [MESSAGE][INFO] - HAR: E:\SEMESTER 7\MBKM\Capstone Project\CICD\API\Terbaru\Baru2\CapstoneWorkfitAPI\Reports\20221221_161503\Regression\Regression2\20221221_161503\requests\main\66.har

2022-12-21 16:15:59 - [MESSAGE][PASSED] - Send request successfully

2022-12-21 16:15:59 - [TEST_STEP][PASSED] - verifyResponseStatusCode(response, statusCode405): Verify response status code successfully

2022-12-21 16:15:59 - [MESSAGE][PASSED] - Verify response status code successfully

2022-12-21 16:15:59 - [TEST_STEP][PASSED] - response = sendRequest(findTestObject("Booking/Offline Book/Update class/Update with invalid input")): Send request successfully

2022-12-21 16:16:00 - [MESSAGE][INFO] - HAR: E:\SEMESTER 7\MBKM\Capstone Project\CICD\API\Terbaru\Baru2\CapstoneWorkfitAPI\Reports\20221221_161503\Regression\Regression2\20221221_161503\requests\main\67.har

2022-12-21 16:16:00 - [MESSAGE][PASSED] - Send request successfully

2022-12-21 16:16:00 - [TEST_STEP][PASSED] - verifyResponseStatusCode(response, statusCode405): Verify response status code successfully

2022-12-21 16:16:00 - [MESSAGE][PASSED] - Verify response status code successfully

2022-12-21 16:16:00 - [TEST_STEP][PASSED] - response = sendRequest(findTestObject("Booking/Offline Book/Update class/Update with invalid Token")): Send request successfully

2022-12-21 16:16:00 - [MESSAGE][INFO] - HAR: E:\SEMESTER 7\MBKM\Capstone Project\CICD\API\Terbaru\Baru2\CapstoneWorkfitAPI\Reports\20221221_161503\Regression\Regression2\20221221_161503\requests\main\68.har

2022-12-21 16:16:00 - [MESSAGE][PASSED] - Send request successfully

2022-12-21 16:16:00 - [TEST_STEP][PASSED] - verifyResponseStatusCode(response, statusCode405): Verify response status code successfully

2022-12-21 16:16:00 - [MESSAGE][PASSED] - Verify response status code successfully

2022-12-21 16:16:00 - [TEST_STEP][PASSED] - response = sendRequest(findTestObject("Booking/Offline Book/Update class/With POST Method")): Send request successfully

2022-12-21 16:16:00 - [MESSAGE][INFO] - HAR: E:\SEMESTER 7\MBKM\Capstone Project\CICD\API\Terbaru\Baru2\CapstoneWorkfitAPI\Reports\20221221_161503\Regression\Regression2\20221221_161503\requests\main\69.har

2022-12-21 16:16:00 - [MESSAGE][PASSED] - Send request successfully

2022-12-21 16:16:00 - [TEST_STEP][PASSED] - verifyResponseStatusCode(response, StatusCode401): Verify response status code successfully

2022-12-21 16:16:00 - [MESSAGE][PASSED] - Verify response status code successfully

2022-12-21 16:16:00 - [TEST_STEP][PASSED] - response = sendRequest(findTestObject("Booking/Offline Book/Update class/With PUT Method")): Send request successfully

2022-12-21 16:16:01 - [MESSAGE][INFO] - HAR: E:\SEMESTER 7\MBKM\Capstone Project\CICD\API\Terbaru\Baru2\CapstoneWorkfitAPI\Reports\20221221_161503\Regression\Regression2\20221221_161503\requests\main\70.har

2022-12-21 16:16:01 - [MESSAGE][PASSED] - Send request successfully

2022-12-21 16:16:01 - [TEST_STEP][PASSED] - verifyResponseStatusCode(response, statusCode405): Verify response status code successfully

2022-12-21 16:16:01 - [MESSAGE][PASSED] - Verify response status code successfully]]></system-out>
         <system-err><![CDATA[]]></system-err>
      </testcase>
      <system-out><![CDATA[2022-12-21 16:15:21 - [TEST_SUITE][FAILED] - Regression2: Test Cases/Auth/TC_ForgotPassword FAILED.
Reason:
com.kms.katalon.core.exception.StepFailedException: Expected status code is '200' but actual status code is '500'
	at com.kms.katalon.core.keyword.internal.KeywordMain.stepFailed(KeywordMain.groovy:50)
	at com.kms.katalon.core.webservice.keyword.builtin.VerifyResponseStatusCodeKeyword.verifyStatusCode(VerifyResponseStatusCodeKeyword.groovy:52)
	at com.kms.katalon.core.webservice.keyword.builtin.VerifyResponseStatusCodeKeyword.access$1(VerifyResponseStatusCodeKeyword.groovy)
	at com.kms.katalon.core.webservice.keyword.builtin.VerifyResponseStatusCodeKeyword$_verifyResponseStatusCode_closure1.doCall(VerifyResponseStatusCodeKeyword.groovy:42)
	at com.kms.katalon.core.webservice.keyword.builtin.VerifyResponseStatusCodeKeyword$_verifyResponseStatusCode_closure1.call(VerifyResponseStatusCodeKeyword.groovy)
	at com.kms.katalon.core.keyword.internal.KeywordMain.runKeyword(KeywordMain.groovy:74)
	at com.kms.katalon.core.webservice.keyword.builtin.VerifyResponseStatusCodeKeyword.verifyResponseStatusCode(VerifyResponseStatusCodeKeyword.groovy:37)
	at com.kms.katalon.core.webservice.keyword.builtin.VerifyResponseStatusCodeKeyword.execute(VerifyResponseStatusCodeKeyword.groovy:32)
	at com.kms.katalon.core.keyword.internal.KeywordExecutor.executeKeywordForPlatform(KeywordExecutor.groovy:74)
	at com.kms.katalon.core.webservice.keyword.WSBuiltInKeywords.verifyResponseStatusCode(WSBuiltInKeywords.groovy:344)
	at com.kms.katalon.core.webservice.keyword.WSBuiltInKeywords$verifyResponseStatusCode$0.call(Unknown Source)
	at TC_ForgotPassword.run(TC_ForgotPassword:23)
	at com.kms.katalon.core.main.ScriptEngine.run(ScriptEngine.java:194)
	at com.kms.katalon.core.main.ScriptEngine.runScriptAsRawText(ScriptEngine.java:119)
	at com.kms.katalon.core.main.TestCaseExecutor.runScript(TestCaseExecutor.java:445)
	at com.kms.katalon.core.main.TestCaseExecutor.doExecute(TestCaseExecutor.java:436)
	at com.kms.katalon.core.main.TestCaseExecutor.processExecutionPhase(TestCaseExecutor.java:415)
	at com.kms.katalon.core.main.TestCaseExecutor.accessMainPhase(TestCaseExecutor.java:407)
	at com.kms.katalon.core.main.TestCaseExecutor.execute(TestCaseExecutor.java:284)
	at com.kms.katalon.core.common.CommonExecutor.accessTestCaseMainPhase(CommonExecutor.java:65)
	at com.kms.katalon.core.main.TestSuiteExecutor.accessTestSuiteMainPhase(TestSuiteExecutor.java:144)
	at com.kms.katalon.core.main.TestSuiteExecutor.execute(TestSuiteExecutor.java:106)
	at com.kms.katalon.core.main.TestCaseMain.startTestSuite(TestCaseMain.java:185)
	at com.kms.katalon.core.main.TestCaseMain$startTestSuite$0.call(Unknown Source)
	at TempTestSuite1671614103083.run(TempTestSuite1671614103083.groovy:36)]]></system-out>
      <system-err><![CDATA[2022-12-21 16:15:21 - [TEST_SUITE][FAILED] - Regression2: Test Cases/Auth/TC_ForgotPassword FAILED.
Reason:
com.kms.katalon.core.exception.StepFailedException: Expected status code is '200' but actual status code is '500'
	at com.kms.katalon.core.keyword.internal.KeywordMain.stepFailed(KeywordMain.groovy:50)
	at com.kms.katalon.core.webservice.keyword.builtin.VerifyResponseStatusCodeKeyword.verifyStatusCode(VerifyResponseStatusCodeKeyword.groovy:52)
	at com.kms.katalon.core.webservice.keyword.builtin.VerifyResponseStatusCodeKeyword.access$1(VerifyResponseStatusCodeKeyword.groovy)
	at com.kms.katalon.core.webservice.keyword.builtin.VerifyResponseStatusCodeKeyword$_verifyResponseStatusCode_closure1.doCall(VerifyResponseStatusCodeKeyword.groovy:42)
	at com.kms.katalon.core.webservice.keyword.builtin.VerifyResponseStatusCodeKeyword$_verifyResponseStatusCode_closure1.call(VerifyResponseStatusCodeKeyword.groovy)
	at com.kms.katalon.core.keyword.internal.KeywordMain.runKeyword(KeywordMain.groovy:74)
	at com.kms.katalon.core.webservice.keyword.builtin.VerifyResponseStatusCodeKeyword.verifyResponseStatusCode(VerifyResponseStatusCodeKeyword.groovy:37)
	at com.kms.katalon.core.webservice.keyword.builtin.VerifyResponseStatusCodeKeyword.execute(VerifyResponseStatusCodeKeyword.groovy:32)
	at com.kms.katalon.core.keyword.internal.KeywordExecutor.executeKeywordForPlatform(KeywordExecutor.groovy:74)
	at com.kms.katalon.core.webservice.keyword.WSBuiltInKeywords.verifyResponseStatusCode(WSBuiltInKeywords.groovy:344)
	at com.kms.katalon.core.webservice.keyword.WSBuiltInKeywords$verifyResponseStatusCode$0.call(Unknown Source)
	at TC_ForgotPassword.run(TC_ForgotPassword:23)
	at com.kms.katalon.core.main.ScriptEngine.run(ScriptEngine.java:194)
	at com.kms.katalon.core.main.ScriptEngine.runScriptAsRawText(ScriptEngine.java:119)
	at com.kms.katalon.core.main.TestCaseExecutor.runScript(TestCaseExecutor.java:445)
	at com.kms.katalon.core.main.TestCaseExecutor.doExecute(TestCaseExecutor.java:436)
	at com.kms.katalon.core.main.TestCaseExecutor.processExecutionPhase(TestCaseExecutor.java:415)
	at com.kms.katalon.core.main.TestCaseExecutor.accessMainPhase(TestCaseExecutor.java:407)
	at com.kms.katalon.core.main.TestCaseExecutor.execute(TestCaseExecutor.java:284)
	at com.kms.katalon.core.common.CommonExecutor.accessTestCaseMainPhase(CommonExecutor.java:65)
	at com.kms.katalon.core.main.TestSuiteExecutor.accessTestSuiteMainPhase(TestSuiteExecutor.java:144)
	at com.kms.katalon.core.main.TestSuiteExecutor.execute(TestSuiteExecutor.java:106)
	at com.kms.katalon.core.main.TestCaseMain.startTestSuite(TestCaseMain.java:185)
	at com.kms.katalon.core.main.TestCaseMain$startTestSuite$0.call(Unknown Source)
	at TempTestSuite1671614103083.run(TempTestSuite1671614103083.groovy:36)]]></system-err>
   </testsuite>
</testsuites>
